Using pre-set license
Built from '2021.3/staging' branch; Version is '2021.3.21f1 (1b156197d683) revision 1774945'; Using compiler version '192829333'; Build Type 'Release'
OS: 'Windows 11  (10.0.22621) 64bit Core' Language: 'en' Physical Memory: 16130 MB
BatchMode: 1, IsHumanControllingUs: 0, StartBugReporterOnCrash: 0, Is64bit: 1, IsPro: 1

COMMAND LINE ARGUMENTS:
C:\Program Files\Unity\Hub\Editor\2021.3.21f1\Editor\Unity.exe
-adb2
-batchMode
-noUpm
-name
AssetImportWorker1
-projectPath
C:/Users/ali_e/Downloads/github/OyunVeUygulamaAkademisi_GameJam2023/Assets
-logFile
Logs/AssetImportWorker1.log
-srvPort
49916
Successfully changed project path to: C:/Users/ali_e/Downloads/github/OyunVeUygulamaAkademisi_GameJam2023/Assets
C:/Users/ali_e/Downloads/github/OyunVeUygulamaAkademisi_GameJam2023/Assets
[UnityMemory] Configuration Parameters - Can be set up in boot.config
    "memorysetup-bucket-allocator-granularity=16"
    "memorysetup-bucket-allocator-bucket-count=8"
    "memorysetup-bucket-allocator-block-size=33554432"
    "memorysetup-bucket-allocator-block-count=8"
    "memorysetup-main-allocator-block-size=16777216"
    "memorysetup-thread-allocator-block-size=16777216"
    "memorysetup-gfx-main-allocator-block-size=16777216"
    "memorysetup-gfx-thread-allocator-block-size=16777216"
    "memorysetup-cache-allocator-block-size=4194304"
    "memorysetup-typetree-allocator-block-size=2097152"
    "memorysetup-profiler-bucket-allocator-granularity=16"
    "memorysetup-profiler-bucket-allocator-bucket-count=8"
    "memorysetup-profiler-bucket-allocator-block-size=33554432"
    "memorysetup-profiler-bucket-allocator-block-count=8"
    "memorysetup-profiler-allocator-block-size=16777216"
    "memorysetup-profiler-editor-allocator-block-size=1048576"
    "memorysetup-temp-allocator-size-main=16777216"
    "memorysetup-job-temp-allocator-block-size=2097152"
    "memorysetup-job-temp-allocator-block-size-background=1048576"
    "memorysetup-job-temp-allocator-reduction-small-platforms=262144"
    "memorysetup-temp-allocator-size-background-worker=32768"
    "memorysetup-temp-allocator-size-job-worker=262144"
    "memorysetup-temp-allocator-size-preload-manager=33554432"
    "memorysetup-temp-allocator-size-nav-mesh-worker=65536"
    "memorysetup-temp-allocator-size-audio-worker=65536"
    "memorysetup-temp-allocator-size-cloud-worker=32768"
    "memorysetup-temp-allocator-size-gi-baking-worker=262144"
    "memorysetup-temp-allocator-size-gfx=262144"
Player connection [40364] Host "[IP] 192.168.146.1 [Port] 0 [Flags] 2 [Guid] 578332469 [EditorId] 578332469 [Version] 1048832 [Id] WindowsEditor(7,AliErenKayhan) [Debug] 1 [PackageName] WindowsEditor [ProjectName] Editor" joined multi-casting on [225.0.0.222:54997]...

Player connection [40364] Host "[IP] 192.168.146.1 [Port] 0 [Flags] 2 [Guid] 578332469 [EditorId] 578332469 [Version] 1048832 [Id] WindowsEditor(7,AliErenKayhan) [Debug] 1 [PackageName] WindowsEditor [ProjectName] Editor" joined alternative multi-casting on [225.0.0.222:34997]...

Refreshing native plugins compatible for Editor in 58.89 ms, found 3 plugins.
Preloading 0 native plugins for Editor in 0.00 ms.
Initialize engine version: 2021.3.21f1 (1b156197d683)
[Subsystems] Discovering subsystems at path C:/Program Files/Unity/Hub/Editor/2021.3.21f1/Editor/Data/Resources/UnitySubsystems
[Subsystems] Discovering subsystems at path C:/Users/ali_e/Downloads/github/OyunVeUygulamaAkademisi_GameJam2023/Assets/Assets
GfxDevice: creating device client; threaded=0; jobified=0
Direct3D:
    Version:  Direct3D 11.0 [level 11.1]
    Renderer: NVIDIA GeForce RTX 3070 Laptop GPU (ID=0x24dd)
    Vendor:   NVIDIA
    VRAM:     8033 MB
    Driver:   31.0.15.2824
Initialize mono
Mono path[0] = 'C:/Program Files/Unity/Hub/Editor/2021.3.21f1/Editor/Data/Managed'
Mono path[1] = 'C:/Program Files/Unity/Hub/Editor/2021.3.21f1/Editor/Data/MonoBleedingEdge/lib/mono/unityjit-win32'
Mono config path = 'C:/Program Files/Unity/Hub/Editor/2021.3.21f1/Editor/Data/MonoBleedingEdge/etc'
Using monoOptions --debugger-agent=transport=dt_socket,embedding=1,server=y,suspend=n,address=127.0.0.1:56404
Begin MonoManager ReloadAssembly
Registering precompiled unity dll's ...
Register platform support module: C:/Program Files/Unity/Hub/Editor/2021.3.21f1/Editor/Data/PlaybackEngines/WebGLSupport/UnityEditor.WebGL.Extensions.dll
Register platform support module: C:/Program Files/Unity/Hub/Editor/2021.3.21f1/Editor/Data/PlaybackEngines/WindowsStandaloneSupport/UnityEditor.WindowsStandalone.Extensions.dll
Registered in 0.004585 seconds.
Native extension for WindowsStandalone target not found
Native extension for WebGL target not found
Refreshing native plugins compatible for Editor in 61.93 ms, found 3 plugins.
Preloading 0 native plugins for Editor in 0.00 ms.
Mono: successfully reloaded assembly
- Completed reload, in  0.553 seconds
Domain Reload Profiling:
	ReloadAssembly (553ms)
		BeginReloadAssembly (80ms)
			ExecutionOrderSort (0ms)
			DisableScriptedObjects (0ms)
			BackupInstance (0ms)
			ReleaseScriptingObjects (0ms)
			CreateAndSetChildDomain (1ms)
		EndReloadAssembly (384ms)
			LoadAssemblies (77ms)
			RebuildTransferFunctionScriptingTraits (0ms)
			SetupTypeCache (100ms)
			ReleaseScriptCaches (0ms)
			RebuildScriptCaches (25ms)
			SetupLoadedEditorAssemblies (206ms)
				LogAssemblyErrors (0ms)
				InitializePlatformSupportModulesInManaged (7ms)
				SetLoadedEditorAssemblies (0ms)
				RefreshPlugins (62ms)
				BeforeProcessingInitializeOnLoad (1ms)
				ProcessInitializeOnLoadAttributes (99ms)
				ProcessInitializeOnLoadMethodAttributes (36ms)
				AfterProcessingInitializeOnLoad (0ms)
				EditorAssembliesLoaded (0ms)
			ExecutionOrderSort2 (0ms)
			AwakeInstancesAfterBackupRestoration (0ms)
Platform modules already initialized, skipping
Registering precompiled user dll's ...
Registered in 0.003311 seconds.
Begin MonoManager ReloadAssembly
Symbol file LoadedFromMemory doesn't match image C:\Users\ali_e\Downloads\github\OyunVeUygulamaAkademisi_GameJam2023\Assets\Library\PackageCache\com.unity.visualscripting@1.8.0\Editor\VisualScripting.Core\Dependencies\YamlDotNet\Unity.VisualScripting.YamlDotNet.dll
Symbol file LoadedFromMemory doesn't match image C:\Users\ali_e\Downloads\github\OyunVeUygulamaAkademisi_GameJam2023\Assets\Library\PackageCache\com.unity.visualscripting@1.8.0\Editor\VisualScripting.Core\Dependencies\DotNetZip\Unity.VisualScripting.IonicZip.dll
Native extension for WindowsStandalone target not found
Native extension for WebGL target not found
Refreshing native plugins compatible for Editor in 0.51 ms, found 3 plugins.
Preloading 0 native plugins for Editor in 0.00 ms.
Mono: successfully reloaded assembly
- Completed reload, in  0.839 seconds
Domain Reload Profiling:
	ReloadAssembly (840ms)
		BeginReloadAssembly (125ms)
			ExecutionOrderSort (0ms)
			DisableScriptedObjects (8ms)
			BackupInstance (0ms)
			ReleaseScriptingObjects (0ms)
			CreateAndSetChildDomain (20ms)
		EndReloadAssembly (607ms)
			LoadAssemblies (76ms)
			RebuildTransferFunctionScriptingTraits (0ms)
			SetupTypeCache (200ms)
			ReleaseScriptCaches (1ms)
			RebuildScriptCaches (41ms)
			SetupLoadedEditorAssemblies (270ms)
				LogAssemblyErrors (0ms)
				InitializePlatformSupportModulesInManaged (5ms)
				SetLoadedEditorAssemblies (0ms)
				RefreshPlugins (1ms)
				BeforeProcessingInitializeOnLoad (65ms)
				ProcessInitializeOnLoadAttributes (181ms)
				ProcessInitializeOnLoadMethodAttributes (15ms)
				AfterProcessingInitializeOnLoad (4ms)
				EditorAssembliesLoaded (0ms)
			ExecutionOrderSort2 (0ms)
			AwakeInstancesAfterBackupRestoration (5ms)
Platform modules already initialized, skipping
========================================================================
Worker process is ready to serve import requests
Launched and connected shader compiler UnityShaderCompiler.exe after 0.06 seconds
Refreshing native plugins compatible for Editor in 0.91 ms, found 3 plugins.
Preloading 0 native plugins for Editor in 0.00 ms.
Unloading 2918 Unused Serialized files (Serialized files now loaded: 0)
Unloading 21 unused Assets / (56.1 KB). Loaded Objects now: 3381.
Memory consumption went from 103.6 MB to 103.5 MB.
Total: 2.698500 ms (FindLiveObjects: 0.286500 ms CreateObjectMapping: 0.093600 ms MarkObjects: 2.237200 ms  DeleteObjects: 0.079700 ms)

AssetImportParameters requested are different than current active one (requested -> active):
  custom:video-decoder-ogg-theora: a1e56fd34408186e4bbccfd4996cb3dc -> 
  custom:container-muxer-webm: aa71ff27fc2769a1b78a27578f13a17b -> 
  custom:container-demuxer-webm: 4f35f7cbe854078d1ac9338744f61a02 -> 
  custom:video-encoder-webm-vp8: eb34c28f22e8b96e1ab97ce403110664 -> 
  custom:video-codec-MediaFoundation-h265: 746d11721c4dcdbdad8f713fa42b33f4 -> 
  custom:audio-encoder-webm-vorbis: bf7c407c2cedff20999df2af8eb42d56 -> 
  custom:framework-win-MediaFoundation: 216162199b28c13a410421893ffa2e32 -> 
  custom:container-demuxer-ogg: 62fdf1f143b41e24485cea50d1cbac27 -> 
  custom:video-decoder-webm-vp8: 9c59270c3fd7afecdb556c50c9e8de78 -> 
  custom:audio-decoder-ogg-vorbis: bf7c407c2cedff20999df2af8eb42d56 -> 
========================================================================
Received Import Request.
  Time since last request: 1112834.865287 seconds.
  path: Assets/Tilemap/tilemap2_42.asset
  artifactKey: Guid(6e1989645dbf93441a06c595a9ccdcca) Importer(815301076,1909f56bfc062723c751e8b465ee728b)
Start importing Assets/Tilemap/tilemap2_42.asset using Guid(6e1989645dbf93441a06c595a9ccdcca) Importer(815301076,1909f56bfc062723c751e8b465ee728b)  -> (artifact id: '16af73d1996e56c37f923202d6e27fc5') in 0.088926 seconds 
========================================================================
Received Import Request.
  Time since last request: 0.000044 seconds.
  path: Assets/Tiles/tile_0041.png
  artifactKey: Guid(91403326cac701c4597e4733c17fac3f) Importer(815301076,1909f56bfc062723c751e8b465ee728b)
Start importing Assets/Tiles/tile_0041.png using Guid(91403326cac701c4597e4733c17fac3f) Importer(815301076,1909f56bfc062723c751e8b465ee728b)  -> (artifact id: '063229df982833096d670c2457354360') in 0.086092 seconds 
========================================================================
Received Import Request.
  Time since last request: 0.000038 seconds.
  path: Assets/Tilemap/tilemap2_68.asset
  artifactKey: Guid(34e9deccd08d6d444b47d907db6b3c43) Importer(815301076,1909f56bfc062723c751e8b465ee728b)
Start importing Assets/Tilemap/tilemap2_68.asset using Guid(34e9deccd08d6d444b47d907db6b3c43) Importer(815301076,1909f56bfc062723c751e8b465ee728b)  -> (artifact id: '362230507c9a03a7ebc4a4890f7b23fb') in 0.011616 seconds 
========================================================================
Received Import Request.
  Time since last request: 0.000025 seconds.
  path: Assets/Tilemap/tilemap2_39.asset
  artifactKey: Guid(6b64f54bccc77db43ab5d6f1bf5cb953) Importer(815301076,1909f56bfc062723c751e8b465ee728b)
Start importing Assets/Tilemap/tilemap2_39.asset using Guid(6b64f54bccc77db43ab5d6f1bf5cb953) Importer(815301076,1909f56bfc062723c751e8b465ee728b)  -> (artifact id: '6cfe67ce3bf4f94c5567e437fa087db1') in 0.010212 seconds 
========================================================================
Received Import Request.
  Time since last request: 0.000031 seconds.
  path: Assets/Tilemap/tilemap2_44.asset
  artifactKey: Guid(1d45448fdfe1b6346a1681451b408685) Importer(815301076,1909f56bfc062723c751e8b465ee728b)
Start importing Assets/Tilemap/tilemap2_44.asset using Guid(1d45448fdfe1b6346a1681451b408685) Importer(815301076,1909f56bfc062723c751e8b465ee728b)  -> (artifact id: 'fb265fc27aa623dd0fc7c9df18a077b7') in 0.012836 seconds 
========================================================================
Received Import Request.
  Time since last request: 0.000034 seconds.
  path: Assets/Tilemap/tilemap2_1.asset
  artifactKey: Guid(610131ba912351642abe60303eebff8b) Importer(815301076,1909f56bfc062723c751e8b465ee728b)
Start importing Assets/Tilemap/tilemap2_1.asset using Guid(610131ba912351642abe60303eebff8b) Importer(815301076,1909f56bfc062723c751e8b465ee728b)  -> (artifact id: '78a73498af97fae1d8cede524896da21') in 0.012652 seconds 
========================================================================
Received Import Request.
  Time since last request: 0.000034 seconds.
  path: Assets/Tiles/tile_0013.png
  artifactKey: Guid(92e41cd83fc24c949a7a2bc68e64d595) Importer(815301076,1909f56bfc062723c751e8b465ee728b)
Start importing Assets/Tiles/tile_0013.png using Guid(92e41cd83fc24c949a7a2bc68e64d595) Importer(815301076,1909f56bfc062723c751e8b465ee728b)  -> (artifact id: 'a67f26c9217640302b0513bf864306ac') in 0.013384 seconds 
========================================================================
Received Import Request.
  Time since last request: 0.000026 seconds.
  path: Assets/Tiles/tile_0042.png
  artifactKey: Guid(7b7525310b206b64aabfd75c369e2c06) Importer(815301076,1909f56bfc062723c751e8b465ee728b)
Start importing Assets/Tiles/tile_0042.png using Guid(7b7525310b206b64aabfd75c369e2c06) Importer(815301076,1909f56bfc062723c751e8b465ee728b)  -> (artifact id: 'bb8f94aca5e066eca8a4177377265157') in 0.014033 seconds 
========================================================================
Received Import Request.
  Time since last request: 0.000041 seconds.
  path: Assets/Tilemap/tilemap2_18.asset
  artifactKey: Guid(4a52ac32cee2ca1439b394d0f79a20d7) Importer(815301076,1909f56bfc062723c751e8b465ee728b)
Start importing Assets/Tilemap/tilemap2_18.asset using Guid(4a52ac32cee2ca1439b394d0f79a20d7) Importer(815301076,1909f56bfc062723c751e8b465ee728b)  -> (artifact id: 'b928c4c43a18160d1416b82bd5f42ca6') in 0.015330 seconds 
========================================================================
Received Import Request.
  Time since last request: 0.000032 seconds.
  path: Assets/Tilemap/tilemap2_58.asset
  artifactKey: Guid(cab0826d7d1472c48b4c4a4b6c37061f) Importer(815301076,1909f56bfc062723c751e8b465ee728b)
Start importing Assets/Tilemap/tilemap2_58.asset using Guid(cab0826d7d1472c48b4c4a4b6c37061f) Importer(815301076,1909f56bfc062723c751e8b465ee728b)  -> (artifact id: '75ec2def31e1ceee0e47b8c4870a2fac') in 0.013572 seconds 
========================================================================
Received Import Request.
  Time since last request: 0.000041 seconds.
  path: Assets/Tiles/tile_0028.png
  artifactKey: Guid(8e25c33ad7b56324bb4fc342232476c5) Importer(815301076,1909f56bfc062723c751e8b465ee728b)
Start importing Assets/Tiles/tile_0028.png using Guid(8e25c33ad7b56324bb4fc342232476c5) Importer(815301076,1909f56bfc062723c751e8b465ee728b)  -> (artifact id: 'fc10f126816b53583652d946d0cad007') in 0.015652 seconds 
========================================================================
Received Import Request.
  Time since last request: 0.000029 seconds.
  path: Assets/Tilemap/tilemap2_35.asset
  artifactKey: Guid(dc195fd07de3a6a42b748c688824fa9a) Importer(815301076,1909f56bfc062723c751e8b465ee728b)
Start importing Assets/Tilemap/tilemap2_35.asset using Guid(dc195fd07de3a6a42b748c688824fa9a) Importer(815301076,1909f56bfc062723c751e8b465ee728b)  -> (artifact id: 'daf7899f33acbe82c361b1da4958b168') in 0.011470 seconds 
========================================================================
Received Import Request.
  Time since last request: 0.000050 seconds.
  path: Assets/Tilemap/tilemap2_7.asset
  artifactKey: Guid(408115ffaa50c3948978b2c365bd1a17) Importer(815301076,1909f56bfc062723c751e8b465ee728b)
Start importing Assets/Tilemap/tilemap2_7.asset using Guid(408115ffaa50c3948978b2c365bd1a17) Importer(815301076,1909f56bfc062723c751e8b465ee728b)  -> (artifact id: '134553572fd193b61f846a781a094181') in 0.008889 seconds 
========================================================================
Received Import Request.
  Time since last request: 0.000031 seconds.
  path: Assets/Tilemap/tilemap2_113.asset
  artifactKey: Guid(c25b9f3a4096f38448197b5d24967b17) Importer(815301076,1909f56bfc062723c751e8b465ee728b)
Start importing Assets/Tilemap/tilemap2_113.asset using Guid(c25b9f3a4096f38448197b5d24967b17) Importer(815301076,1909f56bfc062723c751e8b465ee728b)  -> (artifact id: '3a3d9761f67ddf6cb9144a95295bbe8a') in 0.011531 seconds 
========================================================================
Received Import Request.
  Time since last request: 0.000036 seconds.
  path: Assets/Tiles/tile_0051.png
  artifactKey: Guid(92d3b4155f2f1ed49ab00e8986a54ccc) Importer(815301076,1909f56bfc062723c751e8b465ee728b)
Start importing Assets/Tiles/tile_0051.png using Guid(92d3b4155f2f1ed49ab00e8986a54ccc) Importer(815301076,1909f56bfc062723c751e8b465ee728b)  -> (artifact id: '2731035c0dd473e8729ff22f8155652d') in 0.014704 seconds 
========================================================================
Received Import Request.
  Time since last request: 0.000046 seconds.
  path: Assets/Tiles/tile_0010.png
  artifactKey: Guid(47ba0b09ee9f2d343bb2e13c6e9d34df) Importer(815301076,1909f56bfc062723c751e8b465ee728b)
Start importing Assets/Tiles/tile_0010.png using Guid(47ba0b09ee9f2d343bb2e13c6e9d34df) Importer(815301076,1909f56bfc062723c751e8b465ee728b)  -> (artifact id: '839100de3eaeb5f454c730b3a47011a9') in 0.018689 seconds 
========================================================================
Received Import Request.
  Time since last request: 0.000041 seconds.
  path: Assets/Tilemap/tilemap2_57.asset
  artifactKey: Guid(7a18dd6556590e24e9224877ec8fefe8) Importer(815301076,1909f56bfc062723c751e8b465ee728b)
Start importing Assets/Tilemap/tilemap2_57.asset using Guid(7a18dd6556590e24e9224877ec8fefe8) Importer(815301076,1909f56bfc062723c751e8b465ee728b)  -> (artifact id: '20fe5faf383f4dccf007637e9523f82a') in 0.011182 seconds 
========================================================================
Received Import Request.
  Time since last request: 0.000026 seconds.
  path: Assets/Tiles/tile_0059.png
  artifactKey: Guid(05cb62684d17d2443ab898e7973ca2b9) Importer(815301076,1909f56bfc062723c751e8b465ee728b)
Start importing Assets/Tiles/tile_0059.png using Guid(05cb62684d17d2443ab898e7973ca2b9) Importer(815301076,1909f56bfc062723c751e8b465ee728b)  -> (artifact id: '3203663a87475b4a7d38f90a7c103334') in 0.016076 seconds 
========================================================================
Received Import Request.
  Time since last request: 0.000025 seconds.
  path: Assets/Tilemap/tilemap2_25.asset
  artifactKey: Guid(438f1631fa6510f4281e67b5578d7f96) Importer(815301076,1909f56bfc062723c751e8b465ee728b)
Start importing Assets/Tilemap/tilemap2_25.asset using Guid(438f1631fa6510f4281e67b5578d7f96) Importer(815301076,1909f56bfc062723c751e8b465ee728b)  -> (artifact id: '02d1c5322dc80fe44248c7f39db1e811') in 0.012257 seconds 
========================================================================
Received Import Request.
  Time since last request: 0.000022 seconds.
  path: Assets/Tilemap/tilemap2_83.asset
  artifactKey: Guid(847064e34f4af4344a79eee6c9c4a515) Importer(815301076,1909f56bfc062723c751e8b465ee728b)
Start importing Assets/Tilemap/tilemap2_83.asset using Guid(847064e34f4af4344a79eee6c9c4a515) Importer(815301076,1909f56bfc062723c751e8b465ee728b)  -> (artifact id: '41fa9e6910fae289e978e926ab91b8ee') in 0.012459 seconds 
========================================================================
Received Import Request.
  Time since last request: 0.000031 seconds.
  path: Assets/Tilemap/tilemap2_104.asset
  artifactKey: Guid(0a3e431487fe062439c3928175866e5d) Importer(815301076,1909f56bfc062723c751e8b465ee728b)
Start importing Assets/Tilemap/tilemap2_104.asset using Guid(0a3e431487fe062439c3928175866e5d) Importer(815301076,1909f56bfc062723c751e8b465ee728b)  -> (artifact id: '6b202a7c9b0b2672b4ea797dba507e2e') in 0.011867 seconds 
========================================================================
Received Import Request.
  Time since last request: 0.000034 seconds.
  path: Assets/Tilemap/tilemap2_2.asset
  artifactKey: Guid(1afd34f5df6391348998018c447495a7) Importer(815301076,1909f56bfc062723c751e8b465ee728b)
Start importing Assets/Tilemap/tilemap2_2.asset using Guid(1afd34f5df6391348998018c447495a7) Importer(815301076,1909f56bfc062723c751e8b465ee728b)  -> (artifact id: '52a6b3412afb8bf3183aa6b0fbda3167') in 0.013235 seconds 
========================================================================
Received Import Request.
  Time since last request: 0.000036 seconds.
  path: Assets/Tiles/tile_0003.png
  artifactKey: Guid(db7d8e442d825eb42af4113da7589141) Importer(815301076,1909f56bfc062723c751e8b465ee728b)
Start importing Assets/Tiles/tile_0003.png using Guid(db7d8e442d825eb42af4113da7589141) Importer(815301076,1909f56bfc062723c751e8b465ee728b)  -> (artifact id: 'a21abffe349b3820edf60c9a768e9117') in 0.014369 seconds 
========================================================================
Received Import Request.
  Time since last request: 0.000036 seconds.
  path: Assets/Tiles/tile_0025.png
  artifactKey: Guid(32c3d75dbef21fe4991e9c8c29b7b0b9) Importer(815301076,1909f56bfc062723c751e8b465ee728b)
Start importing Assets/Tiles/tile_0025.png using Guid(32c3d75dbef21fe4991e9c8c29b7b0b9) Importer(815301076,1909f56bfc062723c751e8b465ee728b)  -> (artifact id: 'fb836f77ba3d90ee4c0efef89aa00909') in 0.020662 seconds 
========================================================================
Received Import Request.
  Time since last request: 0.000028 seconds.
  path: Assets/Tilemap/tilemap2_41.asset
  artifactKey: Guid(f4ee44922b960db40ac2be723fa64d9b) Importer(815301076,1909f56bfc062723c751e8b465ee728b)
Start importing Assets/Tilemap/tilemap2_41.asset using Guid(f4ee44922b960db40ac2be723fa64d9b) Importer(815301076,1909f56bfc062723c751e8b465ee728b)  -> (artifact id: 'defaefda77ab1b42215b1878b7543da3') in 0.016015 seconds 
========================================================================
Received Import Request.
  Time since last request: 0.000037 seconds.
  path: Assets/Tiles/tile_0016.png
  artifactKey: Guid(59c4d943d481e4c468c17ebed281088a) Importer(815301076,1909f56bfc062723c751e8b465ee728b)
Start importing Assets/Tiles/tile_0016.png using Guid(59c4d943d481e4c468c17ebed281088a) Importer(815301076,1909f56bfc062723c751e8b465ee728b)  -> (artifact id: '709f5c8b7af4a72dedded643abed8332') in 0.021222 seconds 
========================================================================
Received Import Request.
  Time since last request: 0.000048 seconds.
  path: Assets/Tiles/tile_0014.png
  artifactKey: Guid(edb71ebf8eecad0408085d946cdb3e04) Importer(815301076,1909f56bfc062723c751e8b465ee728b)
Start importing Assets/Tiles/tile_0014.png using Guid(edb71ebf8eecad0408085d946cdb3e04) Importer(815301076,1909f56bfc062723c751e8b465ee728b)  -> (artifact id: '6a22505b8e45429ea22dbe4f051bedbe') in 0.043760 seconds 
========================================================================
Received Import Request.
  Time since last request: 0.000081 seconds.
  path: Assets/Tilemap/tilemap2_71.asset
  artifactKey: Guid(518c1fa29a6403c49b714875b8740fc1) Importer(815301076,1909f56bfc062723c751e8b465ee728b)
Start importing Assets/Tilemap/tilemap2_71.asset using Guid(518c1fa29a6403c49b714875b8740fc1) Importer(815301076,1909f56bfc062723c751e8b465ee728b)  -> (artifact id: 'e7fff530216df373151a115695ee6b25') in 0.025341 seconds 
========================================================================
Received Import Request.
  Time since last request: 0.000036 seconds.
  path: Assets/Tilemap/tilemap2_111.asset
  artifactKey: Guid(f67636694e883df4ea14684d28c7fa87) Importer(815301076,1909f56bfc062723c751e8b465ee728b)
Start importing Assets/Tilemap/tilemap2_111.asset using Guid(f67636694e883df4ea14684d28c7fa87) Importer(815301076,1909f56bfc062723c751e8b465ee728b)  -> (artifact id: '71ba9b1232ea51c04ad67107e21666c6') in 0.021754 seconds 
========================================================================
Received Import Request.
  Time since last request: 0.000030 seconds.
  path: Assets/Tilemap/tilemap2_95.asset
  artifactKey: Guid(5cc36d9ac45cd864590b5346329d1644) Importer(815301076,1909f56bfc062723c751e8b465ee728b)
Start importing Assets/Tilemap/tilemap2_95.asset using Guid(5cc36d9ac45cd864590b5346329d1644) Importer(815301076,1909f56bfc062723c751e8b465ee728b)  -> (artifact id: '45527f22c08771394e7c655a272a9d4d') in 0.025814 seconds 
========================================================================
Received Import Request.
  Time since last request: 0.000032 seconds.
  path: Assets/Tilemap/tilemap2_46.asset
  artifactKey: Guid(d3132b02fed2db242accbcbb52586959) Importer(815301076,1909f56bfc062723c751e8b465ee728b)
Start importing Assets/Tilemap/tilemap2_46.asset using Guid(d3132b02fed2db242accbcbb52586959) Importer(815301076,1909f56bfc062723c751e8b465ee728b)  -> (artifact id: '01026ab565a7cca7878f44fb9fda43fa') in 0.016858 seconds 
========================================================================
Received Import Request.
  Time since last request: 0.000056 seconds.
  path: Assets/Tilemap/tilemap2_112.asset
  artifactKey: Guid(e2c154029a816fc45bedea07cbc202fb) Importer(815301076,1909f56bfc062723c751e8b465ee728b)
Start importing Assets/Tilemap/tilemap2_112.asset using Guid(e2c154029a816fc45bedea07cbc202fb) Importer(815301076,1909f56bfc062723c751e8b465ee728b)  -> (artifact id: '62c31d52dc58ee0dadc2d2af402e1c38') in 0.023852 seconds 
========================================================================
Received Import Request.
  Time since last request: 0.000080 seconds.
  path: Assets/Tilemap/tilemap2_107.asset
  artifactKey: Guid(c29a2daff24422f46a76b5fef45601ea) Importer(815301076,1909f56bfc062723c751e8b465ee728b)
Start importing Assets/Tilemap/tilemap2_107.asset using Guid(c29a2daff24422f46a76b5fef45601ea) Importer(815301076,1909f56bfc062723c751e8b465ee728b)  -> (artifact id: 'eeaf3818a61e70b84f668cb66a809d6b') in 0.027365 seconds 
========================================================================
Received Import Request.
  Time since last request: 0.000046 seconds.
  path: Assets/Tilemap/tilemap2_28.asset
  artifactKey: Guid(13914987b08bc2d47bfbf61d585cd536) Importer(815301076,1909f56bfc062723c751e8b465ee728b)
Start importing Assets/Tilemap/tilemap2_28.asset using Guid(13914987b08bc2d47bfbf61d585cd536) Importer(815301076,1909f56bfc062723c751e8b465ee728b)  -> (artifact id: '5cc931b7a7be24fa21de8babbdc3e627') in 0.017869 seconds 
========================================================================
Received Import Request.
  Time since last request: 0.000066 seconds.
  path: Assets/Tilemap/tilemap2_14.asset
  artifactKey: Guid(780e34c791b3ab34a8a1cc723cbd8cd5) Importer(815301076,1909f56bfc062723c751e8b465ee728b)
Start importing Assets/Tilemap/tilemap2_14.asset using Guid(780e34c791b3ab34a8a1cc723cbd8cd5) Importer(815301076,1909f56bfc062723c751e8b465ee728b)  -> (artifact id: '11ae8023fe0ca9315cf4e8eb9285baeb') in 0.019536 seconds 
========================================================================
Received Import Request.
  Time since last request: 0.000102 seconds.
  path: Assets/Tiles/tile_0004.png
  artifactKey: Guid(67bbfcc7ea43cb341b7b9c074ce3f784) Importer(815301076,1909f56bfc062723c751e8b465ee728b)
Start importing Assets/Tiles/tile_0004.png using Guid(67bbfcc7ea43cb341b7b9c074ce3f784) Importer(815301076,1909f56bfc062723c751e8b465ee728b)  -> (artifact id: '74d3eb43d2db450b6a04e68999ace7ae') in 0.019935 seconds 
========================================================================
Received Import Request.
  Time since last request: 0.000031 seconds.
  path: Assets/Tiles/tile_0058.png
  artifactKey: Guid(c22a783c355d7d34884ad14989fe5607) Importer(815301076,1909f56bfc062723c751e8b465ee728b)
Start importing Assets/Tiles/tile_0058.png using Guid(c22a783c355d7d34884ad14989fe5607) Importer(815301076,1909f56bfc062723c751e8b465ee728b)  -> (artifact id: '188995098ddee35b3c7abac9a5c6afdf') in 0.030286 seconds 
========================================================================
Received Import Request.
  Time since last request: 0.000024 seconds.
  path: Assets/Tilemap/tilemap2_45.asset
  artifactKey: Guid(f0047a65cff41df4588665611e5d4fc3) Importer(815301076,1909f56bfc062723c751e8b465ee728b)
Start importing Assets/Tilemap/tilemap2_45.asset using Guid(f0047a65cff41df4588665611e5d4fc3) Importer(815301076,1909f56bfc062723c751e8b465ee728b)  -> (artifact id: '25085406443921dd4dc8193f11dc2775') in 0.020129 seconds 
========================================================================
Received Import Request.
  Time since last request: 0.000030 seconds.
  path: Assets/Tiles/tile_0024.png
  artifactKey: Guid(693819508351c6d40999bf3c5ff61a84) Importer(815301076,1909f56bfc062723c751e8b465ee728b)
Start importing Assets/Tiles/tile_0024.png using Guid(693819508351c6d40999bf3c5ff61a84) Importer(815301076,1909f56bfc062723c751e8b465ee728b)  -> (artifact id: 'eb96efeddd2e238462bfaa6333379e89') in 0.021590 seconds 
========================================================================
Received Import Request.
  Time since last request: 0.000028 seconds.
  path: Assets/Tiles/tile_0064.png
  artifactKey: Guid(610c1585d34372e4ebb93941937d0036) Importer(815301076,1909f56bfc062723c751e8b465ee728b)
Start importing Assets/Tiles/tile_0064.png using Guid(610c1585d34372e4ebb93941937d0036) Importer(815301076,1909f56bfc062723c751e8b465ee728b)  -> (artifact id: '6b66865a8f363663f9ce3cdec6d25401') in 0.022022 seconds 
========================================================================
Received Import Request.
  Time since last request: 0.000043 seconds.
  path: Assets/Tilemap/tilemap2_38.asset
  artifactKey: Guid(149a495ed30e0dc4c8f2c3911e065c57) Importer(815301076,1909f56bfc062723c751e8b465ee728b)
Start importing Assets/Tilemap/tilemap2_38.asset using Guid(149a495ed30e0dc4c8f2c3911e065c57) Importer(815301076,1909f56bfc062723c751e8b465ee728b)  -> (artifact id: 'c92963ecd4eb117852a8a8364d15951e') in 0.013935 seconds 
========================================================================
Received Import Request.
  Time since last request: 0.000031 seconds.
  path: Assets/Tiles/tile_0020.png
  artifactKey: Guid(afed47c64a6dfd5478ba8f8276954b95) Importer(815301076,1909f56bfc062723c751e8b465ee728b)
Start importing Assets/Tiles/tile_0020.png using Guid(afed47c64a6dfd5478ba8f8276954b95) Importer(815301076,1909f56bfc062723c751e8b465ee728b)  -> (artifact id: '0631d4dbae4709a5c6ff8d3f0bb0bca8') in 0.019894 seconds 
========================================================================
Received Import Request.
  Time since last request: 0.000027 seconds.
  path: Assets/Tiles/tile_0075.png
  artifactKey: Guid(4ebc2aa4f00eed54189f3bdc1dae72a0) Importer(815301076,1909f56bfc062723c751e8b465ee728b)
Start importing Assets/Tiles/tile_0075.png using Guid(4ebc2aa4f00eed54189f3bdc1dae72a0) Importer(815301076,1909f56bfc062723c751e8b465ee728b)  -> (artifact id: '77fcde3e8ac85845c3770d416171950a') in 0.015042 seconds 
========================================================================
Received Import Request.
  Time since last request: 0.000039 seconds.
  path: Assets/Tiles/tile_0000.png
  artifactKey: Guid(d0489ca578a80ed4fbedb8ea44cb73a7) Importer(815301076,1909f56bfc062723c751e8b465ee728b)
Start importing Assets/Tiles/tile_0000.png using Guid(d0489ca578a80ed4fbedb8ea44cb73a7) Importer(815301076,1909f56bfc062723c751e8b465ee728b)  -> (artifact id: 'd8383cec5d0f98e4b7f2411e2ecc61a3') in 0.019333 seconds 
========================================================================
Received Import Request.
  Time since last request: 0.000158 seconds.
  path: Assets/Tiles/tile_0030.png
  artifactKey: Guid(2e8cfde75d2f9064caf1b717c4872061) Importer(815301076,1909f56bfc062723c751e8b465ee728b)
Start importing Assets/Tiles/tile_0030.png using Guid(2e8cfde75d2f9064caf1b717c4872061) Importer(815301076,1909f56bfc062723c751e8b465ee728b)  -> (artifact id: '0bafd180ec9ae1f119b8d7add9aa656d') in 0.019497 seconds 
========================================================================
Received Import Request.
  Time since last request: 0.000026 seconds.
  path: Assets/Tiles/tile_0036.png
  artifactKey: Guid(af4542c22448b354e92c0532ea6dc3b1) Importer(815301076,1909f56bfc062723c751e8b465ee728b)
Start importing Assets/Tiles/tile_0036.png using Guid(af4542c22448b354e92c0532ea6dc3b1) Importer(815301076,1909f56bfc062723c751e8b465ee728b)  -> (artifact id: '5fe2054364966f010bbb6b65ab6044a3') in 0.019015 seconds 
========================================================================
Received Import Request.
  Time since last request: 0.000037 seconds.
  path: Assets/Tiles/tile_0015.png
  artifactKey: Guid(d66420ee3e3a5f74f8b243d7c7b3dbe5) Importer(815301076,1909f56bfc062723c751e8b465ee728b)
Start importing Assets/Tiles/tile_0015.png using Guid(d66420ee3e3a5f74f8b243d7c7b3dbe5) Importer(815301076,1909f56bfc062723c751e8b465ee728b)  -> (artifact id: '7e02555a29e860531431d7019212515d') in 0.013110 seconds 
========================================================================
Received Import Request.
  Time since last request: 0.000026 seconds.
  path: Assets/Tiles/tile_0067.png
  artifactKey: Guid(b60f9e0a984061b4880ee7f89f396734) Importer(815301076,1909f56bfc062723c751e8b465ee728b)
Start importing Assets/Tiles/tile_0067.png using Guid(b60f9e0a984061b4880ee7f89f396734) Importer(815301076,1909f56bfc062723c751e8b465ee728b)  -> (artifact id: '0da6e85df334ad4ba631c7ba798fdff4') in 0.015209 seconds 
========================================================================
Received Import Request.
  Time since last request: 0.000023 seconds.
  path: Assets/Tiles/tile_0017.png
  artifactKey: Guid(a27b43d35a784664fa8e4ca76727c0ca) Importer(815301076,1909f56bfc062723c751e8b465ee728b)
Start importing Assets/Tiles/tile_0017.png using Guid(a27b43d35a784664fa8e4ca76727c0ca) Importer(815301076,1909f56bfc062723c751e8b465ee728b)  -> (artifact id: '8244fcbac4fa211be449dedd9266c68b') in 0.014308 seconds 
========================================================================
Received Import Request.
  Time since last request: 0.000033 seconds.
  path: Assets/Tilemap/tilemap2_105.asset
  artifactKey: Guid(583b7ecae1c33134282926d877e2f035) Importer(815301076,1909f56bfc062723c751e8b465ee728b)
Start importing Assets/Tilemap/tilemap2_105.asset using Guid(583b7ecae1c33134282926d877e2f035) Importer(815301076,1909f56bfc062723c751e8b465ee728b)  -> (artifact id: 'fecfedaa4b7230acc2fabba226ac0f39') in 0.013130 seconds 
========================================================================
Received Import Request.
  Time since last request: 0.000027 seconds.
  path: Assets/Tilemap/tilemap2_43.asset
  artifactKey: Guid(2d69c78e96202554885fb5f4abfe941c) Importer(815301076,1909f56bfc062723c751e8b465ee728b)
Start importing Assets/Tilemap/tilemap2_43.asset using Guid(2d69c78e96202554885fb5f4abfe941c) Importer(815301076,1909f56bfc062723c751e8b465ee728b)  -> (artifact id: 'b807658cab4f9cc34e1df2c72f0abe41') in 0.010417 seconds 
========================================================================
Received Import Request.
  Time since last request: 0.000040 seconds.
  path: Assets/Tiles/tile_0073.png
  artifactKey: Guid(b870dd11fffd79f48b3939fa7cbddd43) Importer(815301076,1909f56bfc062723c751e8b465ee728b)
Start importing Assets/Tiles/tile_0073.png using Guid(b870dd11fffd79f48b3939fa7cbddd43) Importer(815301076,1909f56bfc062723c751e8b465ee728b)  -> (artifact id: '65df46d5f7732d601ed14bad4ba1c3dd') in 0.014964 seconds 
