Using pre-set license
Built from '2021.3/staging' branch; Version is '2021.3.21f1 (1b156197d683) revision 1774945'; Using compiler version '192829333'; Build Type 'Release'
OS: 'Windows 11  (10.0.22621) 64bit Core' Language: 'en' Physical Memory: 16130 MB
BatchMode: 1, IsHumanControllingUs: 0, StartBugReporterOnCrash: 0, Is64bit: 1, IsPro: 1

COMMAND LINE ARGUMENTS:
C:\Program Files\Unity\Hub\Editor\2021.3.21f1\Editor\Unity.exe
-adb2
-batchMode
-noUpm
-name
AssetImportWorker0
-projectPath
C:/Users/ali_e/Downloads/github/OyunVeUygulamaAkademisi_GameJam2023/Assets
-logFile
Logs/AssetImportWorker0.log
-srvPort
49916
Successfully changed project path to: C:/Users/ali_e/Downloads/github/OyunVeUygulamaAkademisi_GameJam2023/Assets
C:/Users/ali_e/Downloads/github/OyunVeUygulamaAkademisi_GameJam2023/Assets
[UnityMemory] Configuration Parameters - Can be set up in boot.config
    "memorysetup-bucket-allocator-granularity=16"
    "memorysetup-bucket-allocator-bucket-count=8"
    "memorysetup-bucket-allocator-block-size=33554432"
    "memorysetup-bucket-allocator-block-count=8"
    "memorysetup-main-allocator-block-size=16777216"
    "memorysetup-thread-allocator-block-size=16777216"
    "memorysetup-gfx-main-allocator-block-size=16777216"
    "memorysetup-gfx-thread-allocator-block-size=16777216"
    "memorysetup-cache-allocator-block-size=4194304"
    "memorysetup-typetree-allocator-block-size=2097152"
    "memorysetup-profiler-bucket-allocator-granularity=16"
    "memorysetup-profiler-bucket-allocator-bucket-count=8"
    "memorysetup-profiler-bucket-allocator-block-size=33554432"
    "memorysetup-profiler-bucket-allocator-block-count=8"
    "memorysetup-profiler-allocator-block-size=16777216"
    "memorysetup-profiler-editor-allocator-block-size=1048576"
    "memorysetup-temp-allocator-size-main=16777216"
    "memorysetup-job-temp-allocator-block-size=2097152"
    "memorysetup-job-temp-allocator-block-size-background=1048576"
    "memorysetup-job-temp-allocator-reduction-small-platforms=262144"
    "memorysetup-temp-allocator-size-background-worker=32768"
    "memorysetup-temp-allocator-size-job-worker=262144"
    "memorysetup-temp-allocator-size-preload-manager=33554432"
    "memorysetup-temp-allocator-size-nav-mesh-worker=65536"
    "memorysetup-temp-allocator-size-audio-worker=65536"
    "memorysetup-temp-allocator-size-cloud-worker=32768"
    "memorysetup-temp-allocator-size-gi-baking-worker=262144"
    "memorysetup-temp-allocator-size-gfx=262144"
Player connection [6348] Host "[IP] 192.168.146.1 [Port] 0 [Flags] 2 [Guid] 4180539393 [EditorId] 4180539393 [Version] 1048832 [Id] WindowsEditor(7,AliErenKayhan) [Debug] 1 [PackageName] WindowsEditor [ProjectName] Editor" joined multi-casting on [225.0.0.222:54997]...

Player connection [6348] Host "[IP] 192.168.146.1 [Port] 0 [Flags] 2 [Guid] 4180539393 [EditorId] 4180539393 [Version] 1048832 [Id] WindowsEditor(7,AliErenKayhan) [Debug] 1 [PackageName] WindowsEditor [ProjectName] Editor" joined alternative multi-casting on [225.0.0.222:34997]...

Refreshing native plugins compatible for Editor in 58.31 ms, found 3 plugins.
Preloading 0 native plugins for Editor in 0.00 ms.
Initialize engine version: 2021.3.21f1 (1b156197d683)
[Subsystems] Discovering subsystems at path C:/Program Files/Unity/Hub/Editor/2021.3.21f1/Editor/Data/Resources/UnitySubsystems
[Subsystems] Discovering subsystems at path C:/Users/ali_e/Downloads/github/OyunVeUygulamaAkademisi_GameJam2023/Assets/Assets
GfxDevice: creating device client; threaded=0; jobified=0
Direct3D:
    Version:  Direct3D 11.0 [level 11.1]
    Renderer: NVIDIA GeForce RTX 3070 Laptop GPU (ID=0x24dd)
    Vendor:   NVIDIA
    VRAM:     8033 MB
    Driver:   31.0.15.2824
Initialize mono
Mono path[0] = 'C:/Program Files/Unity/Hub/Editor/2021.3.21f1/Editor/Data/Managed'
Mono path[1] = 'C:/Program Files/Unity/Hub/Editor/2021.3.21f1/Editor/Data/MonoBleedingEdge/lib/mono/unityjit-win32'
Mono config path = 'C:/Program Files/Unity/Hub/Editor/2021.3.21f1/Editor/Data/MonoBleedingEdge/etc'
Using monoOptions --debugger-agent=transport=dt_socket,embedding=1,server=y,suspend=n,address=127.0.0.1:56088
Begin MonoManager ReloadAssembly
Registering precompiled unity dll's ...
Register platform support module: C:/Program Files/Unity/Hub/Editor/2021.3.21f1/Editor/Data/PlaybackEngines/WebGLSupport/UnityEditor.WebGL.Extensions.dll
Register platform support module: C:/Program Files/Unity/Hub/Editor/2021.3.21f1/Editor/Data/PlaybackEngines/WindowsStandaloneSupport/UnityEditor.WindowsStandalone.Extensions.dll
Registered in 0.004168 seconds.
Native extension for WindowsStandalone target not found
Native extension for WebGL target not found
Refreshing native plugins compatible for Editor in 55.47 ms, found 3 plugins.
Preloading 0 native plugins for Editor in 0.00 ms.
Mono: successfully reloaded assembly
- Completed reload, in  0.547 seconds
Domain Reload Profiling:
	ReloadAssembly (547ms)
		BeginReloadAssembly (73ms)
			ExecutionOrderSort (0ms)
			DisableScriptedObjects (0ms)
			BackupInstance (0ms)
			ReleaseScriptingObjects (0ms)
			CreateAndSetChildDomain (1ms)
		EndReloadAssembly (383ms)
			LoadAssemblies (70ms)
			RebuildTransferFunctionScriptingTraits (0ms)
			SetupTypeCache (112ms)
			ReleaseScriptCaches (0ms)
			RebuildScriptCaches (23ms)
			SetupLoadedEditorAssemblies (205ms)
				LogAssemblyErrors (0ms)
				InitializePlatformSupportModulesInManaged (8ms)
				SetLoadedEditorAssemblies (0ms)
				RefreshPlugins (56ms)
				BeforeProcessingInitializeOnLoad (1ms)
				ProcessInitializeOnLoadAttributes (102ms)
				ProcessInitializeOnLoadMethodAttributes (38ms)
				AfterProcessingInitializeOnLoad (0ms)
				EditorAssembliesLoaded (0ms)
			ExecutionOrderSort2 (0ms)
			AwakeInstancesAfterBackupRestoration (0ms)
Platform modules already initialized, skipping
Registering precompiled user dll's ...
Registered in 0.003286 seconds.
Begin MonoManager ReloadAssembly
Symbol file LoadedFromMemory doesn't match image C:\Users\ali_e\Downloads\github\OyunVeUygulamaAkademisi_GameJam2023\Assets\Library\PackageCache\com.unity.visualscripting@1.8.0\Editor\VisualScripting.Core\Dependencies\YamlDotNet\Unity.VisualScripting.YamlDotNet.dll
Symbol file LoadedFromMemory doesn't match image C:\Users\ali_e\Downloads\github\OyunVeUygulamaAkademisi_GameJam2023\Assets\Library\PackageCache\com.unity.visualscripting@1.8.0\Editor\VisualScripting.Core\Dependencies\DotNetZip\Unity.VisualScripting.IonicZip.dll
Native extension for WindowsStandalone target not found
Native extension for WebGL target not found
Refreshing native plugins compatible for Editor in 0.43 ms, found 3 plugins.
Preloading 0 native plugins for Editor in 0.00 ms.
Mono: successfully reloaded assembly
- Completed reload, in  0.806 seconds
Domain Reload Profiling:
	ReloadAssembly (806ms)
		BeginReloadAssembly (118ms)
			ExecutionOrderSort (0ms)
			DisableScriptedObjects (5ms)
			BackupInstance (0ms)
			ReleaseScriptingObjects (0ms)
			CreateAndSetChildDomain (22ms)
		EndReloadAssembly (586ms)
			LoadAssemblies (80ms)
			RebuildTransferFunctionScriptingTraits (0ms)
			SetupTypeCache (192ms)
			ReleaseScriptCaches (1ms)
			RebuildScriptCaches (40ms)
			SetupLoadedEditorAssemblies (262ms)
				LogAssemblyErrors (0ms)
				InitializePlatformSupportModulesInManaged (5ms)
				SetLoadedEditorAssemblies (0ms)
				RefreshPlugins (0ms)
				BeforeProcessingInitializeOnLoad (56ms)
				ProcessInitializeOnLoadAttributes (180ms)
				ProcessInitializeOnLoadMethodAttributes (15ms)
				AfterProcessingInitializeOnLoad (5ms)
				EditorAssembliesLoaded (0ms)
			ExecutionOrderSort2 (0ms)
			AwakeInstancesAfterBackupRestoration (5ms)
Platform modules already initialized, skipping
========================================================================
Worker process is ready to serve import requests
Launched and connected shader compiler UnityShaderCompiler.exe after 0.05 seconds
Refreshing native plugins compatible for Editor in 0.78 ms, found 3 plugins.
Preloading 0 native plugins for Editor in 0.00 ms.
Unloading 2918 Unused Serialized files (Serialized files now loaded: 0)
Unloading 21 unused Assets / (56.1 KB). Loaded Objects now: 3381.
Memory consumption went from 103.6 MB to 103.5 MB.
Total: 2.675000 ms (FindLiveObjects: 0.301100 ms CreateObjectMapping: 0.092500 ms MarkObjects: 2.200400 ms  DeleteObjects: 0.079200 ms)

AssetImportParameters requested are different than current active one (requested -> active):
  custom:video-decoder-ogg-theora: a1e56fd34408186e4bbccfd4996cb3dc -> 
  custom:container-muxer-webm: aa71ff27fc2769a1b78a27578f13a17b -> 
  custom:container-demuxer-webm: 4f35f7cbe854078d1ac9338744f61a02 -> 
  custom:video-encoder-webm-vp8: eb34c28f22e8b96e1ab97ce403110664 -> 
  custom:video-codec-MediaFoundation-h265: 746d11721c4dcdbdad8f713fa42b33f4 -> 
  custom:audio-encoder-webm-vorbis: bf7c407c2cedff20999df2af8eb42d56 -> 
  custom:framework-win-MediaFoundation: 216162199b28c13a410421893ffa2e32 -> 
  custom:container-demuxer-ogg: 62fdf1f143b41e24485cea50d1cbac27 -> 
  custom:video-decoder-webm-vp8: 9c59270c3fd7afecdb556c50c9e8de78 -> 
  custom:audio-decoder-ogg-vorbis: bf7c407c2cedff20999df2af8eb42d56 -> 
========================================================================
Received Import Request.
  Time since last request: 1112834.910997 seconds.
  path: Assets/Tiles/tile_0046.png
  artifactKey: Guid(b0abc932ff90ac14ba5a5c3c70e88f6b) Importer(815301076,1909f56bfc062723c751e8b465ee728b)
Start importing Assets/Tiles/tile_0046.png using Guid(b0abc932ff90ac14ba5a5c3c70e88f6b) Importer(815301076,1909f56bfc062723c751e8b465ee728b)  -> (artifact id: '0ef4b983da4ad2183c4dafb8a7d8c5c6') in 0.134279 seconds 
========================================================================
Received Import Request.
  Time since last request: 0.000033 seconds.
  path: Assets/Tiles/tile_0069.png
  artifactKey: Guid(aff357ce219b87e43aae825369b29143) Importer(815301076,1909f56bfc062723c751e8b465ee728b)
Start importing Assets/Tiles/tile_0069.png using Guid(aff357ce219b87e43aae825369b29143) Importer(815301076,1909f56bfc062723c751e8b465ee728b)  -> (artifact id: '2efb23885ab3b316cb96d8a4fb79ce0d') in 0.015307 seconds 
========================================================================
Received Import Request.
  Time since last request: 0.000047 seconds.
  path: Assets/Tiles/tile_0040.png
  artifactKey: Guid(65acabde5876efc448e85590deb34aed) Importer(815301076,1909f56bfc062723c751e8b465ee728b)
Start importing Assets/Tiles/tile_0040.png using Guid(65acabde5876efc448e85590deb34aed) Importer(815301076,1909f56bfc062723c751e8b465ee728b)  -> (artifact id: '1d5db59584ca513473c6470d5f5a714f') in 0.013721 seconds 
========================================================================
Received Import Request.
  Time since last request: 0.000046 seconds.
  path: Assets/Tiles/tile_0034.png
  artifactKey: Guid(8ae863a9e2e6e634984844e0ee6b83a9) Importer(815301076,1909f56bfc062723c751e8b465ee728b)
Start importing Assets/Tiles/tile_0034.png using Guid(8ae863a9e2e6e634984844e0ee6b83a9) Importer(815301076,1909f56bfc062723c751e8b465ee728b)  -> (artifact id: '4bab96b5bff81156152b5f8cb87cb5cf') in 0.017593 seconds 
========================================================================
Received Import Request.
  Time since last request: 0.000035 seconds.
  path: Assets/Tilemap/tilemap2_82.asset
  artifactKey: Guid(e380b620d157fe0429d4cb090af79e5e) Importer(815301076,1909f56bfc062723c751e8b465ee728b)
Start importing Assets/Tilemap/tilemap2_82.asset using Guid(e380b620d157fe0429d4cb090af79e5e) Importer(815301076,1909f56bfc062723c751e8b465ee728b)  -> (artifact id: 'ada22f7900d9ee4916ef215746fc64f3') in 0.048543 seconds 
========================================================================
Received Import Request.
  Time since last request: 0.000045 seconds.
  path: Assets/Tiles/tile_0043.png
  artifactKey: Guid(30bc7aa8f5ab9db48a97ca4cb26e9a0f) Importer(815301076,1909f56bfc062723c751e8b465ee728b)
Start importing Assets/Tiles/tile_0043.png using Guid(30bc7aa8f5ab9db48a97ca4cb26e9a0f) Importer(815301076,1909f56bfc062723c751e8b465ee728b)  -> (artifact id: 'fd6368d10f20a1c7a7d42e3da6e6eddf') in 0.016619 seconds 
========================================================================
Received Import Request.
  Time since last request: 0.000028 seconds.
  path: Assets/Tilemap/tilemap2_12.asset
  artifactKey: Guid(5c0c6c621a61e7141a3b8b2e225e43d3) Importer(815301076,1909f56bfc062723c751e8b465ee728b)
Start importing Assets/Tilemap/tilemap2_12.asset using Guid(5c0c6c621a61e7141a3b8b2e225e43d3) Importer(815301076,1909f56bfc062723c751e8b465ee728b)  -> (artifact id: '144828348c792391cbc5272bad3425cf') in 0.016620 seconds 
========================================================================
Received Import Request.
  Time since last request: 0.000034 seconds.
  path: Assets/Tilemap/tilemap2_5.asset
  artifactKey: Guid(1fcc54f3b546a654d8a82b48ade0e0f5) Importer(815301076,1909f56bfc062723c751e8b465ee728b)
Start importing Assets/Tilemap/tilemap2_5.asset using Guid(1fcc54f3b546a654d8a82b48ade0e0f5) Importer(815301076,1909f56bfc062723c751e8b465ee728b)  -> (artifact id: 'c397013cd3d9aed44899f19dfb8e1bbe') in 0.012348 seconds 
========================================================================
Received Import Request.
  Time since last request: 0.000043 seconds.
  path: Assets/Tiles/tile_0026.png
  artifactKey: Guid(571e253d550ae2049b8f484ae4a386cd) Importer(815301076,1909f56bfc062723c751e8b465ee728b)
Start importing Assets/Tiles/tile_0026.png using Guid(571e253d550ae2049b8f484ae4a386cd) Importer(815301076,1909f56bfc062723c751e8b465ee728b)  -> (artifact id: '05efe317148c64bf0467babd444f8f15') in 0.013071 seconds 
========================================================================
Received Import Request.
  Time since last request: 0.000035 seconds.
  path: Assets/Tiles/tile_0066.png
  artifactKey: Guid(528908c3090189b468d57e46a646afef) Importer(815301076,1909f56bfc062723c751e8b465ee728b)
Start importing Assets/Tiles/tile_0066.png using Guid(528908c3090189b468d57e46a646afef) Importer(815301076,1909f56bfc062723c751e8b465ee728b)  -> (artifact id: 'c359ec19fe9a036666c09e0486fa3153') in 0.010761 seconds 
========================================================================
Received Import Request.
  Time since last request: 0.000029 seconds.
  path: Assets/Tiles/tile_0063.png
  artifactKey: Guid(193dcf27e90f9a842bc18ea27e52fa2d) Importer(815301076,1909f56bfc062723c751e8b465ee728b)
Start importing Assets/Tiles/tile_0063.png using Guid(193dcf27e90f9a842bc18ea27e52fa2d) Importer(815301076,1909f56bfc062723c751e8b465ee728b)  -> (artifact id: '8cadcef88a16e72a4e45db8f896de82c') in 0.014078 seconds 
========================================================================
Received Import Request.
  Time since last request: 0.000033 seconds.
  path: Assets/Tiles/tile_0072.png
  artifactKey: Guid(483e6482b8d338f4a973a43f9fea3bf6) Importer(815301076,1909f56bfc062723c751e8b465ee728b)
Start importing Assets/Tiles/tile_0072.png using Guid(483e6482b8d338f4a973a43f9fea3bf6) Importer(815301076,1909f56bfc062723c751e8b465ee728b)  -> (artifact id: '7b3b607fbf05c0ddd3c840af66f89adf') in 0.018287 seconds 
========================================================================
Received Import Request.
  Time since last request: 0.000038 seconds.
  path: Assets/Tilemap/tilemap.png
  artifactKey: Guid(d24d3ab7b741b7046b8c702ac8fc50fa) Importer(815301076,1909f56bfc062723c751e8b465ee728b)
Start importing Assets/Tilemap/tilemap.png using Guid(d24d3ab7b741b7046b8c702ac8fc50fa) Importer(815301076,1909f56bfc062723c751e8b465ee728b)  -> (artifact id: '29019a59f02fb39bd013a4404d733454') in 0.018002 seconds 
========================================================================
Received Import Request.
  Time since last request: 0.000033 seconds.
  path: Assets/Tiles/tile_0005.png
  artifactKey: Guid(db223e9c11b21084fbfdda54b27f8671) Importer(815301076,1909f56bfc062723c751e8b465ee728b)
Start importing Assets/Tiles/tile_0005.png using Guid(db223e9c11b21084fbfdda54b27f8671) Importer(815301076,1909f56bfc062723c751e8b465ee728b)  -> (artifact id: '2db8b84fe494364da50be07269b150c8') in 0.015117 seconds 
========================================================================
Received Import Request.
  Time since last request: 0.000025 seconds.
  path: Assets/Tilemap/tilemap2_32.asset
  artifactKey: Guid(c1605934b1592454f93582301a4c1ee4) Importer(815301076,1909f56bfc062723c751e8b465ee728b)
Start importing Assets/Tilemap/tilemap2_32.asset using Guid(c1605934b1592454f93582301a4c1ee4) Importer(815301076,1909f56bfc062723c751e8b465ee728b)  -> (artifact id: 'a6c57fe8e0c81e7047b01025c9819d4d') in 0.011432 seconds 
========================================================================
Received Import Request.
  Time since last request: 0.000037 seconds.
  path: Assets/Tiles/tile_0031.png
  artifactKey: Guid(a650139896044b5439b23ec09c714c7a) Importer(815301076,1909f56bfc062723c751e8b465ee728b)
Start importing Assets/Tiles/tile_0031.png using Guid(a650139896044b5439b23ec09c714c7a) Importer(815301076,1909f56bfc062723c751e8b465ee728b)  -> (artifact id: '40ce78f8db48931d1a9eacb67435297e') in 0.013932 seconds 
========================================================================
Received Import Request.
  Time since last request: 0.000028 seconds.
  path: Assets/Tiles/tile_0047.png
  artifactKey: Guid(c62896e2825f9884ebeb3b67cfb37859) Importer(815301076,1909f56bfc062723c751e8b465ee728b)
Start importing Assets/Tiles/tile_0047.png using Guid(c62896e2825f9884ebeb3b67cfb37859) Importer(815301076,1909f56bfc062723c751e8b465ee728b)  -> (artifact id: '0d4791b297bdf07e41974677f616a131') in 0.016445 seconds 
========================================================================
Received Import Request.
  Time since last request: 0.000048 seconds.
  path: Assets/Tilemap/tilemap2_101.asset
  artifactKey: Guid(5e48660f0e91a2f4bbd36949c9158646) Importer(815301076,1909f56bfc062723c751e8b465ee728b)
Start importing Assets/Tilemap/tilemap2_101.asset using Guid(5e48660f0e91a2f4bbd36949c9158646) Importer(815301076,1909f56bfc062723c751e8b465ee728b)  -> (artifact id: '9623453c06e9a52dfe1a470890180174') in 0.011704 seconds 
========================================================================
Received Import Request.
  Time since last request: 0.000036 seconds.
  path: Assets/Tiles/tile_0011.png
  artifactKey: Guid(9f46be4e6fe37394ea7a94ad2418fca8) Importer(815301076,1909f56bfc062723c751e8b465ee728b)
Start importing Assets/Tiles/tile_0011.png using Guid(9f46be4e6fe37394ea7a94ad2418fca8) Importer(815301076,1909f56bfc062723c751e8b465ee728b)  -> (artifact id: 'd1b81a7f6464011940bb20fee571e4d7') in 0.018832 seconds 
========================================================================
Received Import Request.
  Time since last request: 0.000053 seconds.
  path: Assets/Tiles/tile_0007.png
  artifactKey: Guid(2ca504da545ec33418d62a950af200a1) Importer(815301076,1909f56bfc062723c751e8b465ee728b)
Start importing Assets/Tiles/tile_0007.png using Guid(2ca504da545ec33418d62a950af200a1) Importer(815301076,1909f56bfc062723c751e8b465ee728b)  -> (artifact id: '774791f1070af66bf3ac363bf12f38ce') in 0.017977 seconds 
========================================================================
Received Import Request.
  Time since last request: 0.000055 seconds.
  path: Assets/Tiles/tile_0012.png
  artifactKey: Guid(49d9038f6bfa4a245a2b6587066ce460) Importer(815301076,1909f56bfc062723c751e8b465ee728b)
Start importing Assets/Tiles/tile_0012.png using Guid(49d9038f6bfa4a245a2b6587066ce460) Importer(815301076,1909f56bfc062723c751e8b465ee728b)  -> (artifact id: '71d2ab6a99ecd047afe11c0833d04a6b') in 0.016753 seconds 
========================================================================
Received Import Request.
  Time since last request: 0.000060 seconds.
  path: Assets/Tilemap/tilemap2_22.asset
  artifactKey: Guid(300fa6b3435a8ab4db73e07f3cf051f9) Importer(815301076,1909f56bfc062723c751e8b465ee728b)
Start importing Assets/Tilemap/tilemap2_22.asset using Guid(300fa6b3435a8ab4db73e07f3cf051f9) Importer(815301076,1909f56bfc062723c751e8b465ee728b)  -> (artifact id: 'd53d3c3adb3b71b3d73f76053d3d1793') in 0.035234 seconds 
========================================================================
Received Import Request.
  Time since last request: 0.000147 seconds.
  path: Assets/Tilemap/tilemap2_80.asset
  artifactKey: Guid(15a9a17e745b02942b2c06d42c5c558e) Importer(815301076,1909f56bfc062723c751e8b465ee728b)
Start importing Assets/Tilemap/tilemap2_80.asset using Guid(15a9a17e745b02942b2c06d42c5c558e) Importer(815301076,1909f56bfc062723c751e8b465ee728b)  -> (artifact id: 'fcf68e2ee5fdc03b2f367274d517dfdf') in 0.022327 seconds 
========================================================================
Received Import Request.
  Time since last request: 0.000079 seconds.
  path: Assets/Tilemap/tilemap2_40.asset
  artifactKey: Guid(5cf87a66956c32549ae6007714b438c4) Importer(815301076,1909f56bfc062723c751e8b465ee728b)
Start importing Assets/Tilemap/tilemap2_40.asset using Guid(5cf87a66956c32549ae6007714b438c4) Importer(815301076,1909f56bfc062723c751e8b465ee728b)  -> (artifact id: 'a1e5b08b0d3a1d5771df80555e132498') in 0.017160 seconds 
========================================================================
Received Import Request.
  Time since last request: 0.000058 seconds.
  path: Assets/Tiles/tile_0050.png
  artifactKey: Guid(8078f99fafed0684aafac9ffd9a0a8fb) Importer(815301076,1909f56bfc062723c751e8b465ee728b)
Start importing Assets/Tiles/tile_0050.png using Guid(8078f99fafed0684aafac9ffd9a0a8fb) Importer(815301076,1909f56bfc062723c751e8b465ee728b)  -> (artifact id: '4b061e04bccd1cf56077b569e3aa7173') in 0.033764 seconds 
========================================================================
Received Import Request.
  Time since last request: 0.000060 seconds.
  path: Assets/Tilemap/tilemap2_92.asset
  artifactKey: Guid(f3bed7a6e074d9c448cbe1f0c75b1bad) Importer(815301076,1909f56bfc062723c751e8b465ee728b)
Start importing Assets/Tilemap/tilemap2_92.asset using Guid(f3bed7a6e074d9c448cbe1f0c75b1bad) Importer(815301076,1909f56bfc062723c751e8b465ee728b)  -> (artifact id: '3449aaddcde5a79f7311604ac2b9d3b1') in 0.014989 seconds 
========================================================================
Received Import Request.
  Time since last request: 0.000041 seconds.
  path: Assets/Tiles/tile_0057.png
  artifactKey: Guid(9d98047a9738bf94da3981a6176b372e) Importer(815301076,1909f56bfc062723c751e8b465ee728b)
Start importing Assets/Tiles/tile_0057.png using Guid(9d98047a9738bf94da3981a6176b372e) Importer(815301076,1909f56bfc062723c751e8b465ee728b)  -> (artifact id: '5a6212bf9c50069e733cf7f8ad4e30cf') in 0.022442 seconds 
========================================================================
Received Import Request.
  Time since last request: 0.000037 seconds.
  path: Assets/Tiles/tile_0055.png
  artifactKey: Guid(9218816cac9f72842a67cf1540c2300e) Importer(815301076,1909f56bfc062723c751e8b465ee728b)
Start importing Assets/Tiles/tile_0055.png using Guid(9218816cac9f72842a67cf1540c2300e) Importer(815301076,1909f56bfc062723c751e8b465ee728b)  -> (artifact id: 'e76d5299b9ebef17f2538bbfceb6011d') in 0.033465 seconds 
========================================================================
Received Import Request.
  Time since last request: 0.000051 seconds.
  path: Assets/Tiles/tile_0006.png
  artifactKey: Guid(8c12d6a0cf9c45f4491a1db3b830ea56) Importer(815301076,1909f56bfc062723c751e8b465ee728b)
Start importing Assets/Tiles/tile_0006.png using Guid(8c12d6a0cf9c45f4491a1db3b830ea56) Importer(815301076,1909f56bfc062723c751e8b465ee728b)  -> (artifact id: '9af0d8fc1f4599893a778467d5ad4a97') in 0.023792 seconds 
========================================================================
Received Import Request.
  Time since last request: 0.000161 seconds.
  path: Assets/Tilemap/tilemap2_17.asset
  artifactKey: Guid(1e1cfb0c75e7bd944bbd7b8aa5c3ebea) Importer(815301076,1909f56bfc062723c751e8b465ee728b)
Start importing Assets/Tilemap/tilemap2_17.asset using Guid(1e1cfb0c75e7bd944bbd7b8aa5c3ebea) Importer(815301076,1909f56bfc062723c751e8b465ee728b)  -> (artifact id: 'ed0ff038943629a773f31dbec6cd6ca4') in 0.029236 seconds 
========================================================================
Received Import Request.
  Time since last request: 0.000043 seconds.
  path: Assets/Tiles/tile_0019.png
  artifactKey: Guid(77323e9d8c4302642b8a81196efcc551) Importer(815301076,1909f56bfc062723c751e8b465ee728b)
Start importing Assets/Tiles/tile_0019.png using Guid(77323e9d8c4302642b8a81196efcc551) Importer(815301076,1909f56bfc062723c751e8b465ee728b)  -> (artifact id: '146c5052b8984dbd63ead35e2f666ee5') in 0.024216 seconds 
========================================================================
Received Import Request.
  Time since last request: 0.000082 seconds.
  path: Assets/Tilemap/tilemap2_102.asset
  artifactKey: Guid(a70c450be0311ea4b9935e623e255be1) Importer(815301076,1909f56bfc062723c751e8b465ee728b)
Start importing Assets/Tilemap/tilemap2_102.asset using Guid(a70c450be0311ea4b9935e623e255be1) Importer(815301076,1909f56bfc062723c751e8b465ee728b)  -> (artifact id: '0d0fef1a096f640de207a6d574aef61a') in 0.016971 seconds 
========================================================================
Received Import Request.
  Time since last request: 0.000039 seconds.
  path: Assets/Tiles/tile_0022.png
  artifactKey: Guid(5ccaa3ef95b4abc43a900c4e817f1118) Importer(815301076,1909f56bfc062723c751e8b465ee728b)
Start importing Assets/Tiles/tile_0022.png using Guid(5ccaa3ef95b4abc43a900c4e817f1118) Importer(815301076,1909f56bfc062723c751e8b465ee728b)  -> (artifact id: '1fde067a3927e280b71b505fe33b0aeb') in 0.020674 seconds 
========================================================================
Received Import Request.
  Time since last request: 0.000049 seconds.
  path: Assets/Tiles/tile_0029.png
  artifactKey: Guid(bb826e2041e1d7e418622df183a4c33e) Importer(815301076,1909f56bfc062723c751e8b465ee728b)
Start importing Assets/Tiles/tile_0029.png using Guid(bb826e2041e1d7e418622df183a4c33e) Importer(815301076,1909f56bfc062723c751e8b465ee728b)  -> (artifact id: '721c932e724c8a6954786151fc3d569c') in 0.019848 seconds 
========================================================================
Received Import Request.
  Time since last request: 0.000067 seconds.
  path: Assets/Tiles/tile_0045.png
  artifactKey: Guid(fddb9b99ed8e7444bb2a106d830d245f) Importer(815301076,1909f56bfc062723c751e8b465ee728b)
Start importing Assets/Tiles/tile_0045.png using Guid(fddb9b99ed8e7444bb2a106d830d245f) Importer(815301076,1909f56bfc062723c751e8b465ee728b)  -> (artifact id: '3bb31493ec9733d3ad62b80fbbbbe530') in 0.020223 seconds 
========================================================================
Received Import Request.
  Time since last request: 0.000023 seconds.
  path: Assets/Tiles/tile_0002.png
  artifactKey: Guid(b1b572fc36f185d43afe65ed038771eb) Importer(815301076,1909f56bfc062723c751e8b465ee728b)
Start importing Assets/Tiles/tile_0002.png using Guid(b1b572fc36f185d43afe65ed038771eb) Importer(815301076,1909f56bfc062723c751e8b465ee728b)  -> (artifact id: 'f0d01dcf7b3e55c0624c749afedcc246') in 0.019625 seconds 
========================================================================
Received Import Request.
  Time since last request: 0.000038 seconds.
  path: Assets/Tiles/tile_0033.png
  artifactKey: Guid(c70ada157a40c1749a4ece425f7761d7) Importer(815301076,1909f56bfc062723c751e8b465ee728b)
Start importing Assets/Tiles/tile_0033.png using Guid(c70ada157a40c1749a4ece425f7761d7) Importer(815301076,1909f56bfc062723c751e8b465ee728b)  -> (artifact id: '586467fca52e47aec45993349cdfb71f') in 0.012649 seconds 
========================================================================
Received Import Request.
  Time since last request: 0.000034 seconds.
  path: Assets/Tilemap/tilemap2_15.asset
  artifactKey: Guid(dd193c2edd325fe48a734dde2c063f16) Importer(815301076,1909f56bfc062723c751e8b465ee728b)
Start importing Assets/Tilemap/tilemap2_15.asset using Guid(dd193c2edd325fe48a734dde2c063f16) Importer(815301076,1909f56bfc062723c751e8b465ee728b)  -> (artifact id: 'cedf0de89e2946574a7d78156ab6acd2') in 0.013169 seconds 
========================================================================
Received Import Request.
  Time since last request: 0.000030 seconds.
  path: Assets/Tilemap/tilemap2_34.asset
  artifactKey: Guid(b182c7b2dfe672c40b6a6b20c8bc1ad6) Importer(815301076,1909f56bfc062723c751e8b465ee728b)
Start importing Assets/Tilemap/tilemap2_34.asset using Guid(b182c7b2dfe672c40b6a6b20c8bc1ad6) Importer(815301076,1909f56bfc062723c751e8b465ee728b)  -> (artifact id: 'f75c596d402ceecb571256f76946fe26') in 0.013039 seconds 
========================================================================
Received Import Request.
  Time since last request: 0.000029 seconds.
  path: Assets/Tilemap/tilemap2_21.asset
  artifactKey: Guid(7e8c4571873a9da41985e9f5a83792d1) Importer(815301076,1909f56bfc062723c751e8b465ee728b)
Start importing Assets/Tilemap/tilemap2_21.asset using Guid(7e8c4571873a9da41985e9f5a83792d1) Importer(815301076,1909f56bfc062723c751e8b465ee728b)  -> (artifact id: '958348ae8a97da7c97af49928389366d') in 0.014969 seconds 
========================================================================
Received Import Request.
  Time since last request: 0.000032 seconds.
  path: Assets/Tiles/tile_0044.png
  artifactKey: Guid(c6e0f364e0db5e843b67822e44ce9636) Importer(815301076,1909f56bfc062723c751e8b465ee728b)
Start importing Assets/Tiles/tile_0044.png using Guid(c6e0f364e0db5e843b67822e44ce9636) Importer(815301076,1909f56bfc062723c751e8b465ee728b)  -> (artifact id: 'b365d6a542bb3fd7e729cdbb24c62c96') in 0.017490 seconds 
========================================================================
Received Import Request.
  Time since last request: 0.000057 seconds.
  path: Assets/Tilemap/tilemap2_26.asset
  artifactKey: Guid(8fb90983b8eee874ba7d05b329fdf3d9) Importer(815301076,1909f56bfc062723c751e8b465ee728b)
Start importing Assets/Tilemap/tilemap2_26.asset using Guid(8fb90983b8eee874ba7d05b329fdf3d9) Importer(815301076,1909f56bfc062723c751e8b465ee728b)  -> (artifact id: '2799ec486557ebb49708716eb30a790f') in 0.012430 seconds 
========================================================================
Received Import Request.
  Time since last request: 0.000040 seconds.
  path: Assets/Tiles/tile_0038.png
  artifactKey: Guid(b19f92677811ca74b8c8d698407a5426) Importer(815301076,1909f56bfc062723c751e8b465ee728b)
Start importing Assets/Tiles/tile_0038.png using Guid(b19f92677811ca74b8c8d698407a5426) Importer(815301076,1909f56bfc062723c751e8b465ee728b)  -> (artifact id: '9ecf18b99a94b1b950ea6098458bd003') in 0.015373 seconds 
========================================================================
Received Import Request.
  Time since last request: 0.000022 seconds.
  path: Assets/Tiles/tile_0077.png
  artifactKey: Guid(e4ed44fbf81ff38499ca0ff77e6ceab8) Importer(815301076,1909f56bfc062723c751e8b465ee728b)
Start importing Assets/Tiles/tile_0077.png using Guid(e4ed44fbf81ff38499ca0ff77e6ceab8) Importer(815301076,1909f56bfc062723c751e8b465ee728b)  -> (artifact id: '37e219ead79ced9715523973887a232b') in 0.014126 seconds 
========================================================================
Received Import Request.
  Time since last request: 0.000036 seconds.
  path: Assets/Tiles/tile_0071.png
  artifactKey: Guid(7bc71163b69dcbb4184c0b024e7cd302) Importer(815301076,1909f56bfc062723c751e8b465ee728b)
Start importing Assets/Tiles/tile_0071.png using Guid(7bc71163b69dcbb4184c0b024e7cd302) Importer(815301076,1909f56bfc062723c751e8b465ee728b)  -> (artifact id: '4866e7a4b4f4f540e4fda8a4f6f28901') in 0.014736 seconds 
========================================================================
Received Import Request.
  Time since last request: 0.000025 seconds.
  path: Assets/Tilemap/tilemap2.png
  artifactKey: Guid(1b6f08e484bd55142b3c7ae3af996803) Importer(815301076,1909f56bfc062723c751e8b465ee728b)
Start importing Assets/Tilemap/tilemap2.png using Guid(1b6f08e484bd55142b3c7ae3af996803) Importer(815301076,1909f56bfc062723c751e8b465ee728b)  -> (artifact id: '988def8a36d58f0978f324e64818272d') in 0.101466 seconds 
