Using pre-set license
Built from '2021.3/staging' branch; Version is '2021.3.21f1 (1b156197d683) revision 1774945'; Using compiler version '192829333'; Build Type 'Release'
OS: 'Windows 11  (10.0.22621) 64bit Core' Language: 'en' Physical Memory: 16130 MB
BatchMode: 1, IsHumanControllingUs: 0, StartBugReporterOnCrash: 0, Is64bit: 1, IsPro: 1

COMMAND LINE ARGUMENTS:
C:\Program Files\Unity\Hub\Editor\2021.3.21f1\Editor\Unity.exe
-adb2
-batchMode
-noUpm
-name
AssetImportWorker3
-projectPath
C:/Users/ali_e/Downloads/github/OyunVeUygulamaAkademisi_GameJam2023/Assets
-logFile
Logs/AssetImportWorker3.log
-srvPort
49916
Successfully changed project path to: C:/Users/ali_e/Downloads/github/OyunVeUygulamaAkademisi_GameJam2023/Assets
C:/Users/ali_e/Downloads/github/OyunVeUygulamaAkademisi_GameJam2023/Assets
[UnityMemory] Configuration Parameters - Can be set up in boot.config
    "memorysetup-bucket-allocator-granularity=16"
    "memorysetup-bucket-allocator-bucket-count=8"
    "memorysetup-bucket-allocator-block-size=33554432"
    "memorysetup-bucket-allocator-block-count=8"
    "memorysetup-main-allocator-block-size=16777216"
    "memorysetup-thread-allocator-block-size=16777216"
    "memorysetup-gfx-main-allocator-block-size=16777216"
    "memorysetup-gfx-thread-allocator-block-size=16777216"
    "memorysetup-cache-allocator-block-size=4194304"
    "memorysetup-typetree-allocator-block-size=2097152"
    "memorysetup-profiler-bucket-allocator-granularity=16"
    "memorysetup-profiler-bucket-allocator-bucket-count=8"
    "memorysetup-profiler-bucket-allocator-block-size=33554432"
    "memorysetup-profiler-bucket-allocator-block-count=8"
    "memorysetup-profiler-allocator-block-size=16777216"
    "memorysetup-profiler-editor-allocator-block-size=1048576"
    "memorysetup-temp-allocator-size-main=16777216"
    "memorysetup-job-temp-allocator-block-size=2097152"
    "memorysetup-job-temp-allocator-block-size-background=1048576"
    "memorysetup-job-temp-allocator-reduction-small-platforms=262144"
    "memorysetup-temp-allocator-size-background-worker=32768"
    "memorysetup-temp-allocator-size-job-worker=262144"
    "memorysetup-temp-allocator-size-preload-manager=33554432"
    "memorysetup-temp-allocator-size-nav-mesh-worker=65536"
    "memorysetup-temp-allocator-size-audio-worker=65536"
    "memorysetup-temp-allocator-size-cloud-worker=32768"
    "memorysetup-temp-allocator-size-gi-baking-worker=262144"
    "memorysetup-temp-allocator-size-gfx=262144"
Player connection [24432] Host "[IP] 192.168.146.1 [Port] 0 [Flags] 2 [Guid] 1842264961 [EditorId] 1842264961 [Version] 1048832 [Id] WindowsEditor(7,AliErenKayhan) [Debug] 1 [PackageName] WindowsEditor [ProjectName] Editor" joined multi-casting on [225.0.0.222:54997]...

Player connection [24432] Host "[IP] 192.168.146.1 [Port] 0 [Flags] 2 [Guid] 1842264961 [EditorId] 1842264961 [Version] 1048832 [Id] WindowsEditor(7,AliErenKayhan) [Debug] 1 [PackageName] WindowsEditor [ProjectName] Editor" joined alternative multi-casting on [225.0.0.222:34997]...

Refreshing native plugins compatible for Editor in 62.94 ms, found 3 plugins.
Preloading 0 native plugins for Editor in 0.00 ms.
Initialize engine version: 2021.3.21f1 (1b156197d683)
[Subsystems] Discovering subsystems at path C:/Program Files/Unity/Hub/Editor/2021.3.21f1/Editor/Data/Resources/UnitySubsystems
[Subsystems] Discovering subsystems at path C:/Users/ali_e/Downloads/github/OyunVeUygulamaAkademisi_GameJam2023/Assets/Assets
GfxDevice: creating device client; threaded=0; jobified=0
Direct3D:
    Version:  Direct3D 11.0 [level 11.1]
    Renderer: NVIDIA GeForce RTX 3070 Laptop GPU (ID=0x24dd)
    Vendor:   NVIDIA
    VRAM:     8033 MB
    Driver:   31.0.15.2824
Initialize mono
Mono path[0] = 'C:/Program Files/Unity/Hub/Editor/2021.3.21f1/Editor/Data/Managed'
Mono path[1] = 'C:/Program Files/Unity/Hub/Editor/2021.3.21f1/Editor/Data/MonoBleedingEdge/lib/mono/unityjit-win32'
Mono config path = 'C:/Program Files/Unity/Hub/Editor/2021.3.21f1/Editor/Data/MonoBleedingEdge/etc'
Using monoOptions --debugger-agent=transport=dt_socket,embedding=1,server=y,suspend=n,address=127.0.0.1:56296
Begin MonoManager ReloadAssembly
Registering precompiled unity dll's ...
Register platform support module: C:/Program Files/Unity/Hub/Editor/2021.3.21f1/Editor/Data/PlaybackEngines/WebGLSupport/UnityEditor.WebGL.Extensions.dll
Register platform support module: C:/Program Files/Unity/Hub/Editor/2021.3.21f1/Editor/Data/PlaybackEngines/WindowsStandaloneSupport/UnityEditor.WindowsStandalone.Extensions.dll
Registered in 0.003659 seconds.
Native extension for WindowsStandalone target not found
Native extension for WebGL target not found
Refreshing native plugins compatible for Editor in 65.84 ms, found 3 plugins.
Preloading 0 native plugins for Editor in 0.00 ms.
Mono: successfully reloaded assembly
- Completed reload, in  0.523 seconds
Domain Reload Profiling:
	ReloadAssembly (523ms)
		BeginReloadAssembly (73ms)
			ExecutionOrderSort (0ms)
			DisableScriptedObjects (0ms)
			BackupInstance (0ms)
			ReleaseScriptingObjects (0ms)
			CreateAndSetChildDomain (1ms)
		EndReloadAssembly (371ms)
			LoadAssemblies (71ms)
			RebuildTransferFunctionScriptingTraits (0ms)
			SetupTypeCache (84ms)
			ReleaseScriptCaches (0ms)
			RebuildScriptCaches (24ms)
			SetupLoadedEditorAssemblies (221ms)
				LogAssemblyErrors (0ms)
				InitializePlatformSupportModulesInManaged (7ms)
				SetLoadedEditorAssemblies (0ms)
				RefreshPlugins (66ms)
				BeforeProcessingInitializeOnLoad (1ms)
				ProcessInitializeOnLoadAttributes (111ms)
				ProcessInitializeOnLoadMethodAttributes (36ms)
				AfterProcessingInitializeOnLoad (0ms)
				EditorAssembliesLoaded (0ms)
			ExecutionOrderSort2 (0ms)
			AwakeInstancesAfterBackupRestoration (0ms)
Platform modules already initialized, skipping
Registering precompiled user dll's ...
Registered in 0.003482 seconds.
Begin MonoManager ReloadAssembly
Symbol file LoadedFromMemory doesn't match image C:\Users\ali_e\Downloads\github\OyunVeUygulamaAkademisi_GameJam2023\Assets\Library\PackageCache\com.unity.visualscripting@1.8.0\Editor\VisualScripting.Core\Dependencies\YamlDotNet\Unity.VisualScripting.YamlDotNet.dll
Symbol file LoadedFromMemory doesn't match image C:\Users\ali_e\Downloads\github\OyunVeUygulamaAkademisi_GameJam2023\Assets\Library\PackageCache\com.unity.visualscripting@1.8.0\Editor\VisualScripting.Core\Dependencies\DotNetZip\Unity.VisualScripting.IonicZip.dll
Native extension for WindowsStandalone target not found
Native extension for WebGL target not found
Refreshing native plugins compatible for Editor in 0.52 ms, found 3 plugins.
Preloading 0 native plugins for Editor in 0.00 ms.
Mono: successfully reloaded assembly
- Completed reload, in  0.841 seconds
Domain Reload Profiling:
	ReloadAssembly (842ms)
		BeginReloadAssembly (108ms)
			ExecutionOrderSort (0ms)
			DisableScriptedObjects (5ms)
			BackupInstance (0ms)
			ReleaseScriptingObjects (0ms)
			CreateAndSetChildDomain (22ms)
		EndReloadAssembly (645ms)
			LoadAssemblies (73ms)
			RebuildTransferFunctionScriptingTraits (0ms)
			SetupTypeCache (196ms)
			ReleaseScriptCaches (1ms)
			RebuildScriptCaches (45ms)
			SetupLoadedEditorAssemblies (309ms)
				LogAssemblyErrors (0ms)
				InitializePlatformSupportModulesInManaged (5ms)
				SetLoadedEditorAssemblies (0ms)
				RefreshPlugins (1ms)
				BeforeProcessingInitializeOnLoad (56ms)
				ProcessInitializeOnLoadAttributes (225ms)
				ProcessInitializeOnLoadMethodAttributes (16ms)
				AfterProcessingInitializeOnLoad (5ms)
				EditorAssembliesLoaded (0ms)
			ExecutionOrderSort2 (0ms)
			AwakeInstancesAfterBackupRestoration (6ms)
Platform modules already initialized, skipping
========================================================================
Worker process is ready to serve import requests
Launched and connected shader compiler UnityShaderCompiler.exe after 0.06 seconds
Refreshing native plugins compatible for Editor in 0.88 ms, found 3 plugins.
Preloading 0 native plugins for Editor in 0.00 ms.
Unloading 2918 Unused Serialized files (Serialized files now loaded: 0)
Unloading 21 unused Assets / (56.1 KB). Loaded Objects now: 3381.
Memory consumption went from 103.6 MB to 103.5 MB.
Total: 4.188800 ms (FindLiveObjects: 0.416000 ms CreateObjectMapping: 0.314800 ms MarkObjects: 3.330100 ms  DeleteObjects: 0.124100 ms)

AssetImportParameters requested are different than current active one (requested -> active):
  custom:video-decoder-ogg-theora: a1e56fd34408186e4bbccfd4996cb3dc -> 
  custom:container-muxer-webm: aa71ff27fc2769a1b78a27578f13a17b -> 
  custom:container-demuxer-webm: 4f35f7cbe854078d1ac9338744f61a02 -> 
  custom:video-encoder-webm-vp8: eb34c28f22e8b96e1ab97ce403110664 -> 
  custom:video-codec-MediaFoundation-h265: 746d11721c4dcdbdad8f713fa42b33f4 -> 
  custom:audio-encoder-webm-vorbis: bf7c407c2cedff20999df2af8eb42d56 -> 
  custom:framework-win-MediaFoundation: 216162199b28c13a410421893ffa2e32 -> 
  custom:container-demuxer-ogg: 62fdf1f143b41e24485cea50d1cbac27 -> 
  custom:video-decoder-webm-vp8: 9c59270c3fd7afecdb556c50c9e8de78 -> 
  custom:audio-decoder-ogg-vorbis: bf7c407c2cedff20999df2af8eb42d56 -> 
========================================================================
Received Import Request.
  Time since last request: 1112835.202255 seconds.
  path: Assets/Tilemap/tilemap2_30.asset
  artifactKey: Guid(134bf9020f8b7ca4eaa2357fc2b10425) Importer(815301076,1909f56bfc062723c751e8b465ee728b)
Start importing Assets/Tilemap/tilemap2_30.asset using Guid(134bf9020f8b7ca4eaa2357fc2b10425) Importer(815301076,1909f56bfc062723c751e8b465ee728b)  -> (artifact id: '55db98a0a5d75b646f7bf249ba93266c') in 0.108939 seconds 
========================================================================
Received Import Request.
  Time since last request: 0.000050 seconds.
  path: Assets/Tiles/tile_0032.png
  artifactKey: Guid(4cc0030aca8df7f48ac8936135e47a66) Importer(815301076,1909f56bfc062723c751e8b465ee728b)
Start importing Assets/Tiles/tile_0032.png using Guid(4cc0030aca8df7f48ac8936135e47a66) Importer(815301076,1909f56bfc062723c751e8b465ee728b)  -> (artifact id: 'd830eef539b93bd954ebdae7589b40f7') in 0.086580 seconds 
========================================================================
Received Import Request.
  Time since last request: 0.000041 seconds.
  path: Assets/Tiles/tile_0065.png
  artifactKey: Guid(541719487fcc66f45b201063f47002f2) Importer(815301076,1909f56bfc062723c751e8b465ee728b)
Start importing Assets/Tiles/tile_0065.png using Guid(541719487fcc66f45b201063f47002f2) Importer(815301076,1909f56bfc062723c751e8b465ee728b)  -> (artifact id: '3110b048287e317f061bebafdffd0117') in 0.015403 seconds 
========================================================================
Received Import Request.
  Time since last request: 0.000035 seconds.
  path: Assets/Tiles/tile_0039.png
  artifactKey: Guid(2c2980e4f5413ff4db82e6de7273c448) Importer(815301076,1909f56bfc062723c751e8b465ee728b)
Start importing Assets/Tiles/tile_0039.png using Guid(2c2980e4f5413ff4db82e6de7273c448) Importer(815301076,1909f56bfc062723c751e8b465ee728b)  -> (artifact id: '0e47dad80ebc0d6d3bc30bba003a0d95') in 0.019978 seconds 
========================================================================
Received Import Request.
  Time since last request: 0.000053 seconds.
  path: Assets/Tilemap/tilemap2_69.asset
  artifactKey: Guid(97f51f05c28148f4ba40d6e0e4893c27) Importer(815301076,1909f56bfc062723c751e8b465ee728b)
Start importing Assets/Tilemap/tilemap2_69.asset using Guid(97f51f05c28148f4ba40d6e0e4893c27) Importer(815301076,1909f56bfc062723c751e8b465ee728b)  -> (artifact id: '0c0e4cc9b54c5cbf0e1d872c2c52a811') in 0.014824 seconds 
========================================================================
Received Import Request.
  Time since last request: 0.000046 seconds.
  path: Assets/Tilemap/tilemap2_33.asset
  artifactKey: Guid(3089d4724be25b94fb99a454aa1decd3) Importer(815301076,1909f56bfc062723c751e8b465ee728b)
Start importing Assets/Tilemap/tilemap2_33.asset using Guid(3089d4724be25b94fb99a454aa1decd3) Importer(815301076,1909f56bfc062723c751e8b465ee728b)  -> (artifact id: 'bb8de8e51a31c9dff2561d21cdbb368e') in 0.012552 seconds 
========================================================================
Received Import Request.
  Time since last request: 0.000039 seconds.
  path: Assets/Tilemap/tilemap2_103.asset
  artifactKey: Guid(a25aa47078e94ae4d90cbff0a43467fd) Importer(815301076,1909f56bfc062723c751e8b465ee728b)
Start importing Assets/Tilemap/tilemap2_103.asset using Guid(a25aa47078e94ae4d90cbff0a43467fd) Importer(815301076,1909f56bfc062723c751e8b465ee728b)  -> (artifact id: '6371e3c510abda6977141370fe29955b') in 0.026297 seconds 
========================================================================
Received Import Request.
  Time since last request: 0.000106 seconds.
  path: Assets/Tilemap/tilemap2_20.asset
  artifactKey: Guid(ecd4ed594269fc4499cba5ec3220b6b9) Importer(815301076,1909f56bfc062723c751e8b465ee728b)
Start importing Assets/Tilemap/tilemap2_20.asset using Guid(ecd4ed594269fc4499cba5ec3220b6b9) Importer(815301076,1909f56bfc062723c751e8b465ee728b)  -> (artifact id: 'e8ec0329d7000f15384c8ba7d633c429') in 0.024713 seconds 
========================================================================
Received Import Request.
  Time since last request: 0.000197 seconds.
  path: Assets/Tilemap/tilemap2_93.asset
  artifactKey: Guid(d2c3bd9f929271341aa8e56467407d1f) Importer(815301076,1909f56bfc062723c751e8b465ee728b)
Start importing Assets/Tilemap/tilemap2_93.asset using Guid(d2c3bd9f929271341aa8e56467407d1f) Importer(815301076,1909f56bfc062723c751e8b465ee728b)  -> (artifact id: '883d8d6fe17d78067cd19c346e2fd267') in 0.017739 seconds 
========================================================================
Received Import Request.
  Time since last request: 0.000068 seconds.
  path: Assets/Tiles/tile_0009.png
  artifactKey: Guid(5d7842fab128c534e907ec3673586287) Importer(815301076,1909f56bfc062723c751e8b465ee728b)
Start importing Assets/Tiles/tile_0009.png using Guid(5d7842fab128c534e907ec3673586287) Importer(815301076,1909f56bfc062723c751e8b465ee728b)  -> (artifact id: 'b192ca3152024f85a5336099ab36102c') in 0.025753 seconds 
========================================================================
Received Import Request.
  Time since last request: 0.000119 seconds.
  path: Assets/Tiles/tile_0070.png
  artifactKey: Guid(30f84ab9d92dd9a46be0f6475d676cff) Importer(815301076,1909f56bfc062723c751e8b465ee728b)
Start importing Assets/Tiles/tile_0070.png using Guid(30f84ab9d92dd9a46be0f6475d676cff) Importer(815301076,1909f56bfc062723c751e8b465ee728b)  -> (artifact id: '11554b7450ae05a6891f74142ea21cd6') in 0.022109 seconds 
========================================================================
Received Import Request.
  Time since last request: 0.000051 seconds.
  path: Assets/Tiles/tile_0018.png
  artifactKey: Guid(c7b42b834bced174d9c48cc6f5430d68) Importer(815301076,1909f56bfc062723c751e8b465ee728b)
Start importing Assets/Tiles/tile_0018.png using Guid(c7b42b834bced174d9c48cc6f5430d68) Importer(815301076,1909f56bfc062723c751e8b465ee728b)  -> (artifact id: '9d3923da93937d6db4d1bc9936bb57c6') in 0.021944 seconds 
========================================================================
Received Import Request.
  Time since last request: 0.000058 seconds.
  path: Assets/Tilemap/tilemap2_4.asset
  artifactKey: Guid(f5ed4f5bef80c6447a447bd136869c1b) Importer(815301076,1909f56bfc062723c751e8b465ee728b)
Start importing Assets/Tilemap/tilemap2_4.asset using Guid(f5ed4f5bef80c6447a447bd136869c1b) Importer(815301076,1909f56bfc062723c751e8b465ee728b)  -> (artifact id: '80cb4d7b0fea1962ce162a790e6464f5') in 0.023120 seconds 
========================================================================
Received Import Request.
  Time since last request: 0.000074 seconds.
  path: Assets/Tilemap/tilemap2_70.asset
  artifactKey: Guid(a7c6ffc42123b6f4fb5f0804d0b54381) Importer(815301076,1909f56bfc062723c751e8b465ee728b)
Start importing Assets/Tilemap/tilemap2_70.asset using Guid(a7c6ffc42123b6f4fb5f0804d0b54381) Importer(815301076,1909f56bfc062723c751e8b465ee728b)  -> (artifact id: '43c4f7d521589b6d777454de053f80a2') in 0.013559 seconds 
========================================================================
Received Import Request.
  Time since last request: 0.000064 seconds.
  path: Assets/Tiles/tile_0078.png
  artifactKey: Guid(662d34b37b21ef945ab41e3b145c6103) Importer(815301076,1909f56bfc062723c751e8b465ee728b)
Start importing Assets/Tiles/tile_0078.png using Guid(662d34b37b21ef945ab41e3b145c6103) Importer(815301076,1909f56bfc062723c751e8b465ee728b)  -> (artifact id: 'b107d35a85c7944c9496099ed523c41d') in 0.027788 seconds 
========================================================================
Received Import Request.
  Time since last request: 0.000120 seconds.
  path: Assets/Tiles/tile_0021.png
  artifactKey: Guid(c5406c7011c09e647a7937564f507f54) Importer(815301076,1909f56bfc062723c751e8b465ee728b)
Start importing Assets/Tiles/tile_0021.png using Guid(c5406c7011c09e647a7937564f507f54) Importer(815301076,1909f56bfc062723c751e8b465ee728b)  -> (artifact id: '466e7486e673586ad7297a6ed752c8c7') in 0.020471 seconds 
========================================================================
Received Import Request.
  Time since last request: 0.000035 seconds.
  path: Assets/Tiles/tile_0037.png
  artifactKey: Guid(67f168eb1543cdb4e83e99e9615157ec) Importer(815301076,1909f56bfc062723c751e8b465ee728b)
Start importing Assets/Tiles/tile_0037.png using Guid(67f168eb1543cdb4e83e99e9615157ec) Importer(815301076,1909f56bfc062723c751e8b465ee728b)  -> (artifact id: 'a970494f38d92d3c17d09a59a6255712') in 0.029157 seconds 
========================================================================
Received Import Request.
  Time since last request: 0.000027 seconds.
  path: Assets/Tilemap/tilemap2_23.asset
  artifactKey: Guid(4b8416ebc71d9c74dae463ad08871e2e) Importer(815301076,1909f56bfc062723c751e8b465ee728b)
Start importing Assets/Tilemap/tilemap2_23.asset using Guid(4b8416ebc71d9c74dae463ad08871e2e) Importer(815301076,1909f56bfc062723c751e8b465ee728b)  -> (artifact id: 'c53928ddddba29e8686fb0a59cf4ad54') in 0.018712 seconds 
========================================================================
Received Import Request.
  Time since last request: 0.000043 seconds.
  path: Assets/Tiles/tile_0027.png
  artifactKey: Guid(04b4df5debf64264d8c6262152260bdd) Importer(815301076,1909f56bfc062723c751e8b465ee728b)
Start importing Assets/Tiles/tile_0027.png using Guid(04b4df5debf64264d8c6262152260bdd) Importer(815301076,1909f56bfc062723c751e8b465ee728b)  -> (artifact id: '39ea5b68fddcdbe2aa6e6730318f3a4d') in 0.018411 seconds 
========================================================================
Received Import Request.
  Time since last request: 0.000031 seconds.
  path: Assets/Tilemap/tilemap2_100.asset
  artifactKey: Guid(b680f3c67f82acc44b4e7988b5d55d84) Importer(815301076,1909f56bfc062723c751e8b465ee728b)
Start importing Assets/Tilemap/tilemap2_100.asset using Guid(b680f3c67f82acc44b4e7988b5d55d84) Importer(815301076,1909f56bfc062723c751e8b465ee728b)  -> (artifact id: '571f468abd8d1d4c8b94a6fe470d9110') in 0.015607 seconds 
========================================================================
Received Import Request.
  Time since last request: 0.000106 seconds.
  path: Assets/Tilemap/tilemap2_29.asset
  artifactKey: Guid(1e0334e5a1b9c12479f0fad2eddbac2c) Importer(815301076,1909f56bfc062723c751e8b465ee728b)
Start importing Assets/Tilemap/tilemap2_29.asset using Guid(1e0334e5a1b9c12479f0fad2eddbac2c) Importer(815301076,1909f56bfc062723c751e8b465ee728b)  -> (artifact id: 'db55abb1aeeb584d68c082ef6493c2e7') in 0.017862 seconds 
========================================================================
Received Import Request.
  Time since last request: 0.000024 seconds.
  path: Assets/Tilemap/tilemap2_81.asset
  artifactKey: Guid(285bd1a6692eda04c911d220247c158f) Importer(815301076,1909f56bfc062723c751e8b465ee728b)
Start importing Assets/Tilemap/tilemap2_81.asset using Guid(285bd1a6692eda04c911d220247c158f) Importer(815301076,1909f56bfc062723c751e8b465ee728b)  -> (artifact id: '696a6ab0b05696360499e6730351f40b') in 0.019841 seconds 
========================================================================
Received Import Request.
  Time since last request: 0.000029 seconds.
  path: Assets/Tiles/tile_0060.png
  artifactKey: Guid(ecd67cb341bfb0a4382201563a7f1341) Importer(815301076,1909f56bfc062723c751e8b465ee728b)
Start importing Assets/Tiles/tile_0060.png using Guid(ecd67cb341bfb0a4382201563a7f1341) Importer(815301076,1909f56bfc062723c751e8b465ee728b)  -> (artifact id: '7c398120a0cb54c2168ce3c286c4668e') in 0.014246 seconds 
========================================================================
Received Import Request.
  Time since last request: 0.000032 seconds.
  path: Assets/Tilemap/tilemap2_8.asset
  artifactKey: Guid(849257b72c0c79a4393e9fa175a3b1ca) Importer(815301076,1909f56bfc062723c751e8b465ee728b)
Start importing Assets/Tilemap/tilemap2_8.asset using Guid(849257b72c0c79a4393e9fa175a3b1ca) Importer(815301076,1909f56bfc062723c751e8b465ee728b)  -> (artifact id: '5a6cfff4faa07f79ee52015bbccafa54') in 0.013390 seconds 
========================================================================
Received Import Request.
  Time since last request: 0.000039 seconds.
  path: Assets/Tilemap
  artifactKey: Guid(72afbefbdfe72dd4cb59d4408d263934) Importer(815301076,1909f56bfc062723c751e8b465ee728b)
Start importing Assets/Tilemap using Guid(72afbefbdfe72dd4cb59d4408d263934) Importer(815301076,1909f56bfc062723c751e8b465ee728b)  -> (artifact id: '12735cfb2829ebd24d5e74c30199f42f') in 0.008735 seconds 
========================================================================
Received Import Request.
  Time since last request: 0.000043 seconds.
  path: Assets/Tilemap/tilemap2_96.asset
  artifactKey: Guid(c3a11578c19458d4b9bc5dc012569167) Importer(815301076,1909f56bfc062723c751e8b465ee728b)
Start importing Assets/Tilemap/tilemap2_96.asset using Guid(c3a11578c19458d4b9bc5dc012569167) Importer(815301076,1909f56bfc062723c751e8b465ee728b)  -> (artifact id: 'e934468d645d2727de02b5e1d4b8c280') in 0.016559 seconds 
========================================================================
Received Import Request.
  Time since last request: 0.000025 seconds.
  path: Assets/Tilemap/tilemap2_56.asset
  artifactKey: Guid(8af581a17f7afc845b98876242c6de44) Importer(815301076,1909f56bfc062723c751e8b465ee728b)
Start importing Assets/Tilemap/tilemap2_56.asset using Guid(8af581a17f7afc845b98876242c6de44) Importer(815301076,1909f56bfc062723c751e8b465ee728b)  -> (artifact id: 'af4b966d7a478b71d837f86922fbab7d') in 0.015442 seconds 
========================================================================
Received Import Request.
  Time since last request: 0.000053 seconds.
  path: Assets/Tilemap/tilemap2_99.asset
  artifactKey: Guid(71d7b6064708cdf4ca67ed67f0c571ef) Importer(815301076,1909f56bfc062723c751e8b465ee728b)
Start importing Assets/Tilemap/tilemap2_99.asset using Guid(71d7b6064708cdf4ca67ed67f0c571ef) Importer(815301076,1909f56bfc062723c751e8b465ee728b)  -> (artifact id: '97fd2ca31d2d1291b671e970092e86b5') in 0.012931 seconds 
========================================================================
Received Import Request.
  Time since last request: 0.000028 seconds.
  path: Assets/Tiles/tile_0061.png
  artifactKey: Guid(32ec4816c4160f946a98e104efac383e) Importer(815301076,1909f56bfc062723c751e8b465ee728b)
Start importing Assets/Tiles/tile_0061.png using Guid(32ec4816c4160f946a98e104efac383e) Importer(815301076,1909f56bfc062723c751e8b465ee728b)  -> (artifact id: '27122d83049b8c7f58e39e75f30b7062') in 0.017004 seconds 
========================================================================
Received Import Request.
  Time since last request: 0.000024 seconds.
  path: Assets/Tilemap/tilemap2_48.asset
  artifactKey: Guid(47279f6de44c8ce4f97ee602d3670697) Importer(815301076,1909f56bfc062723c751e8b465ee728b)
Start importing Assets/Tilemap/tilemap2_48.asset using Guid(47279f6de44c8ce4f97ee602d3670697) Importer(815301076,1909f56bfc062723c751e8b465ee728b)  -> (artifact id: 'cf8c51fb071aa9980fe15985c7af2a27') in 0.013516 seconds 
========================================================================
Received Import Request.
  Time since last request: 0.000034 seconds.
  path: Assets/Tilemap/tilemap2_36.asset
  artifactKey: Guid(cfcc41a2da7c9504eb2ad8c6ba237e1b) Importer(815301076,1909f56bfc062723c751e8b465ee728b)
Start importing Assets/Tilemap/tilemap2_36.asset using Guid(cfcc41a2da7c9504eb2ad8c6ba237e1b) Importer(815301076,1909f56bfc062723c751e8b465ee728b)  -> (artifact id: 'e631bf9668c4f64b6c9aae8a4bcd9c14') in 0.012612 seconds 
========================================================================
Received Import Request.
  Time since last request: 0.000031 seconds.
  path: Assets/Tilemap/tilemap2_47.asset
  artifactKey: Guid(61ff11322b81c1e4788661650312b58d) Importer(815301076,1909f56bfc062723c751e8b465ee728b)
Start importing Assets/Tilemap/tilemap2_47.asset using Guid(61ff11322b81c1e4788661650312b58d) Importer(815301076,1909f56bfc062723c751e8b465ee728b)  -> (artifact id: 'd4539463ea2c2e5ed2e334416417c84c') in 0.010637 seconds 
========================================================================
Received Import Request.
  Time since last request: 0.000059 seconds.
  path: Assets/Tilemap/tilemap2_77.asset
  artifactKey: Guid(e10f0951aa61c4c4092c64e8179b16de) Importer(815301076,1909f56bfc062723c751e8b465ee728b)
Start importing Assets/Tilemap/tilemap2_77.asset using Guid(e10f0951aa61c4c4092c64e8179b16de) Importer(815301076,1909f56bfc062723c751e8b465ee728b)  -> (artifact id: 'b695af2dd06b3671c17d8a8f08267614') in 0.013580 seconds 
